<?xml version="1.0" encoding="utf-8"?>
<TestRun id="710e6a73-bdf8-4e9a-9397-8baeafbfdfdd" name="davyd.mcColl@CODEO-LT-45 2023-09-01 12:42:12" runUser="CLYRAL\davyd.mcColl" xmlns="http://microsoft.com/schemas/VisualStudio/TeamTest/2010">
  <Times creation="2023-09-01T12:42:12.5732656+02:00" queuing="2023-09-01T12:42:12.5732660+02:00" start="2023-09-01T12:42:11.9222225+02:00" finish="2023-09-01T12:42:12.5960371+02:00" />
  <TestSettings name="default" id="dfbd9463-3df7-4c76-99b4-291749db35c3">
    <Deployment runDeploymentRoot="davyd.mcColl_CODEO-LT-45_2023-09-01_12_42_12" />
  </TestSettings>
  <Results>
    <UnitTestResult executionId="7ca43d2d-5e21-4575-a652-3cf84cc5b970" testId="480ee193-e490-c5c4-5120-0ef5a9622656" testName="WhenHaveReceivedTheCorrectAmount_ShouldNotThrow" computerName="CODEO-LT-45" duration="00:00:00.0009850" startTime="2023-09-01T12:42:12.4924932+02:00" endTime="2023-09-01T12:42:12.4934781+02:00" testType="13cdc9d9-ddb5-4fa4-a97d-d965ccfc6d4b" outcome="Passed" testListId="8c84fa94-04c1-424b-9868-57a2d4851a1d" relativeResultsDirectory="7ca43d2d-5e21-4575-a652-3cf84cc5b970" />
    <UnitTestResult executionId="dfe6fd40-8735-4f4d-86fc-26a98a663ecd" testId="39bcca84-78b5-a5f9-3687-3472d9e837e1" testName="WhenReceivedNone_ShouldNotThrow" computerName="CODEO-LT-45" duration="00:00:00.0005850" startTime="2023-09-01T12:42:12.4968542+02:00" endTime="2023-09-01T12:42:12.4974395+02:00" testType="13cdc9d9-ddb5-4fa4-a97d-d965ccfc6d4b" outcome="Passed" testListId="8c84fa94-04c1-424b-9868-57a2d4851a1d" relativeResultsDirectory="dfe6fd40-8735-4f4d-86fc-26a98a663ecd" />
    <UnitTestResult executionId="3e582610-c78e-4cfc-a33b-1ca46fd51ed9" testId="2d9af83e-a95f-fa28-1af3-3fa85f1d31ba" testName="WhenHaveReceivedTooFew_ShouldThrow" computerName="CODEO-LT-45" duration="00:00:00.0020160" startTime="2023-09-01T12:42:12.4934971+02:00" endTime="2023-09-01T12:42:12.4955126+02:00" testType="13cdc9d9-ddb5-4fa4-a97d-d965ccfc6d4b" outcome="Passed" testListId="8c84fa94-04c1-424b-9868-57a2d4851a1d" relativeResultsDirectory="3e582610-c78e-4cfc-a33b-1ca46fd51ed9" />
    <UnitTestResult executionId="3d20c692-ee41-438b-b6b4-22ab92b11c5c" testId="7d7c5c27-a246-52f5-c8f4-2c490c3f169d" testName="ShouldNotAllowCallCountOnNegation" computerName="CODEO-LT-45" duration="00:00:00.0006720" startTime="2023-09-01T12:42:12.4961679+02:00" endTime="2023-09-01T12:42:12.4968402+02:00" testType="13cdc9d9-ddb5-4fa4-a97d-d965ccfc6d4b" outcome="Passed" testListId="8c84fa94-04c1-424b-9868-57a2d4851a1d" relativeResultsDirectory="3d20c692-ee41-438b-b6b4-22ab92b11c5c" />
    <UnitTestResult executionId="c8715f53-a130-4377-a7de-57a2e49bb3b4" testId="2ab46e3a-5b8c-3197-f5e9-09ed1879aa79" testName="ShouldPassNegatedWhenSubHasReceivedNoCalls" computerName="CODEO-LT-45" duration="00:00:00.0016500" startTime="2023-09-01T12:42:12.4766681+02:00" endTime="2023-09-01T12:42:12.4783175+02:00" testType="13cdc9d9-ddb5-4fa4-a97d-d965ccfc6d4b" outcome="Passed" testListId="8c84fa94-04c1-424b-9868-57a2d4851a1d" relativeResultsDirectory="c8715f53-a130-4377-a7de-57a2e49bb3b4" />
    <UnitTestResult executionId="d02fce39-7689-4d40-8409-ae50fb08a74e" testId="80dd9cfa-d9fb-4d9c-7949-c260fbbbb504" testName="ShouldGiveUsefulErrorWhenNotWorkingWithASub" computerName="CODEO-LT-45" duration="00:00:00.0030480" startTime="2023-09-01T12:42:12.4735961+02:00" endTime="2023-09-01T12:42:12.4766437+02:00" testType="13cdc9d9-ddb5-4fa4-a97d-d965ccfc6d4b" outcome="Passed" testListId="8c84fa94-04c1-424b-9868-57a2d4851a1d" relativeResultsDirectory="d02fce39-7689-4d40-8409-ae50fb08a74e" />
    <UnitTestResult executionId="e97d0781-c17e-440c-9ac4-011e50643596" testId="b6f3cd5c-62be-f090-2789-1b10fef6efc1" testName="WhenHaveReceivedNoneAndExpectingAny_ShouldThrow" computerName="CODEO-LT-45" duration="00:00:00.0017810" startTime="2023-09-01T12:42:12.4906952+02:00" endTime="2023-09-01T12:42:12.4924765+02:00" testType="13cdc9d9-ddb5-4fa4-a97d-d965ccfc6d4b" outcome="Passed" testListId="8c84fa94-04c1-424b-9868-57a2d4851a1d" relativeResultsDirectory="e97d0781-c17e-440c-9ac4-011e50643596" />
    <UnitTestResult executionId="7625d3b4-b7b4-4e0c-88f8-2892944263ba" testId="226a2a8c-fc02-bab0-468c-225bd73e8efe" testName="WhenReceivedSome_ShouldThrow" computerName="CODEO-LT-45" duration="00:00:00.0005120" startTime="2023-09-01T12:42:12.4974546+02:00" endTime="2023-09-01T12:42:12.4979665+02:00" testType="13cdc9d9-ddb5-4fa4-a97d-d965ccfc6d4b" outcome="Passed" testListId="8c84fa94-04c1-424b-9868-57a2d4851a1d" relativeResultsDirectory="7625d3b4-b7b4-4e0c-88f8-2892944263ba" />
    <UnitTestResult executionId="5591ab7e-68c2-4bc5-a8d7-a00c063210a5" testId="8aff36db-771d-66e9-572a-76536598e31c" testName="WhenHaveReceivedTooMany_ShouldThrow" computerName="CODEO-LT-45" duration="00:00:00.0005350" startTime="2023-09-01T12:42:12.4955244+02:00" endTime="2023-09-01T12:42:12.4960588+02:00" testType="13cdc9d9-ddb5-4fa4-a97d-d965ccfc6d4b" outcome="Passed" testListId="8c84fa94-04c1-424b-9868-57a2d4851a1d" relativeResultsDirectory="5591ab7e-68c2-4bc5-a8d7-a00c063210a5" />
    <UnitTestResult executionId="9027311e-bb88-43b4-83c6-37ae7bfe466d" testId="07bffc59-74db-9f67-6b1f-79245c16b010" testName="ShouldNotTriggerIncompleteAssertions" computerName="CODEO-LT-45" duration="00:00:00.0063229" startTime="2023-09-01T12:42:12.4815870+02:00" endTime="2023-09-01T12:42:12.4879101+02:00" testType="13cdc9d9-ddb5-4fa4-a97d-d965ccfc6d4b" outcome="Passed" testListId="8c84fa94-04c1-424b-9868-57a2d4851a1d" relativeResultsDirectory="9027311e-bb88-43b4-83c6-37ae7bfe466d" />
    <UnitTestResult executionId="d471628a-059a-4f01-96b2-821946f98b95" testId="bf1ccb2e-fcfe-1d50-f0b1-deb67dbce257" testName="WhenHaveReceivedAny_ShouldNotThrow" computerName="CODEO-LT-45" duration="00:00:00.0011370" startTime="2023-09-01T12:42:12.4895397+02:00" endTime="2023-09-01T12:42:12.4906759+02:00" testType="13cdc9d9-ddb5-4fa4-a97d-d965ccfc6d4b" outcome="Passed" testListId="8c84fa94-04c1-424b-9868-57a2d4851a1d" relativeResultsDirectory="d471628a-059a-4f01-96b2-821946f98b95" />
    <UnitTestResult executionId="656a14d1-5dfa-4039-8ede-556ab401dc19" testId="beec1d74-f0f4-499a-bf7d-ff2c7b25ad63" testName="ShouldPassWhenSubHasReceivedAnyCall" computerName="CODEO-LT-45" duration="00:00:00.0012640" startTime="2023-09-01T12:42:12.4783407+02:00" endTime="2023-09-01T12:42:12.4796050+02:00" testType="13cdc9d9-ddb5-4fa4-a97d-d965ccfc6d4b" outcome="Passed" testListId="8c84fa94-04c1-424b-9868-57a2d4851a1d" relativeResultsDirectory="656a14d1-5dfa-4039-8ede-556ab401dc19" />
    <UnitTestResult executionId="e568c35e-11d6-41b9-844f-04eb1f9287f4" testId="9e048bb1-aec5-c94d-ef8b-c959b38f038c" testName="ShouldFailWhenSubHasReceivedNoCalls" computerName="CODEO-LT-45" duration="00:00:00.0031080" startTime="2023-09-01T12:42:12.4704468+02:00" endTime="2023-09-01T12:42:12.4735549+02:00" testType="13cdc9d9-ddb5-4fa4-a97d-d965ccfc6d4b" outcome="Passed" testListId="8c84fa94-04c1-424b-9868-57a2d4851a1d" relativeResultsDirectory="e568c35e-11d6-41b9-844f-04eb1f9287f4" />
    <UnitTestResult executionId="b2f6ead7-8d1d-4ce8-a42c-e643ef8b0dcf" testId="02318e84-a774-3185-eadc-07007fc372a8" testName="ShouldFailWhenNegatedAndSubHasReceivedCall" computerName="CODEO-LT-45" duration="00:00:00.1025360" startTime="2023-09-01T12:42:12.3667309+02:00" endTime="2023-09-01T12:42:12.4692211+02:00" testType="13cdc9d9-ddb5-4fa4-a97d-d965ccfc6d4b" outcome="Passed" testListId="8c84fa94-04c1-424b-9868-57a2d4851a1d" relativeResultsDirectory="b2f6ead7-8d1d-4ce8-a42c-e643ef8b0dcf" />
  </Results>
  <TestDefinitions>
    <UnitTest name="ShouldFailWhenNegatedAndSubHasReceivedCall" storage="c:\temp\__sandboxes__\ddb32018-b18d-418b-a875-3badf5125b42\src\nexpect.matchers.nsubstitute.tests\bin\debug\net7.0\nexpect.matchers.nsubstitute.tests.dll" id="02318e84-a774-3185-eadc-07007fc372a8">
      <Execution id="b2f6ead7-8d1d-4ce8-a42c-e643ef8b0dcf" />
      <TestMethod codeBase="C:\Temp\__sandboxes__\ddb32018-b18d-418b-a875-3badf5125b42\src\NExpect.Matchers.NSubstitute.Tests\bin\Debug\net7.0\NExpect.Matchers.NSubstitute.Tests.dll" adapterTypeName="executor://nunit3testexecutor/" className="NExpect.Matchers.NSubstitute.Tests.TestCalledMatchers" name="ShouldFailWhenNegatedAndSubHasReceivedCall" />
    </UnitTest>
    <UnitTest name="ShouldNotTriggerIncompleteAssertions" storage="c:\temp\__sandboxes__\ddb32018-b18d-418b-a875-3badf5125b42\src\nexpect.matchers.nsubstitute.tests\bin\debug\net7.0\nexpect.matchers.nsubstitute.tests.dll" id="07bffc59-74db-9f67-6b1f-79245c16b010">
      <Execution id="9027311e-bb88-43b4-83c6-37ae7bfe466d" />
      <TestMethod codeBase="C:\Temp\__sandboxes__\ddb32018-b18d-418b-a875-3badf5125b42\src\NExpect.Matchers.NSubstitute.Tests\bin\Debug\net7.0\NExpect.Matchers.NSubstitute.Tests.dll" adapterTypeName="executor://nunit3testexecutor/" className="NExpect.Matchers.NSubstitute.Tests.TestReceivedExtensions" name="ShouldNotTriggerIncompleteAssertions" />
    </UnitTest>
    <UnitTest name="ShouldNotAllowCallCountOnNegation" storage="c:\temp\__sandboxes__\ddb32018-b18d-418b-a875-3badf5125b42\src\nexpect.matchers.nsubstitute.tests\bin\debug\net7.0\nexpect.matchers.nsubstitute.tests.dll" id="7d7c5c27-a246-52f5-c8f4-2c490c3f169d">
      <Execution id="3d20c692-ee41-438b-b6b4-22ab92b11c5c" />
      <TestMethod codeBase="C:\Temp\__sandboxes__\ddb32018-b18d-418b-a875-3badf5125b42\src\NExpect.Matchers.NSubstitute.Tests\bin\Debug\net7.0\NExpect.Matchers.NSubstitute.Tests.dll" adapterTypeName="executor://nunit3testexecutor/" className="NExpect.Matchers.NSubstitute.Tests.TestReceivedExtensions+WhenNotExpectingToReceive" name="ShouldNotAllowCallCountOnNegation" />
    </UnitTest>
    <UnitTest name="WhenReceivedNone_ShouldNotThrow" storage="c:\temp\__sandboxes__\ddb32018-b18d-418b-a875-3badf5125b42\src\nexpect.matchers.nsubstitute.tests\bin\debug\net7.0\nexpect.matchers.nsubstitute.tests.dll" id="39bcca84-78b5-a5f9-3687-3472d9e837e1">
      <Execution id="dfe6fd40-8735-4f4d-86fc-26a98a663ecd" />
      <TestMethod codeBase="C:\Temp\__sandboxes__\ddb32018-b18d-418b-a875-3badf5125b42\src\NExpect.Matchers.NSubstitute.Tests\bin\Debug\net7.0\NExpect.Matchers.NSubstitute.Tests.dll" adapterTypeName="executor://nunit3testexecutor/" className="NExpect.Matchers.NSubstitute.Tests.TestReceivedExtensions+WhenNotExpectingToReceive" name="WhenReceivedNone_ShouldNotThrow" />
    </UnitTest>
    <UnitTest name="WhenHaveReceivedTheCorrectAmount_ShouldNotThrow" storage="c:\temp\__sandboxes__\ddb32018-b18d-418b-a875-3badf5125b42\src\nexpect.matchers.nsubstitute.tests\bin\debug\net7.0\nexpect.matchers.nsubstitute.tests.dll" id="480ee193-e490-c5c4-5120-0ef5a9622656">
      <Execution id="7ca43d2d-5e21-4575-a652-3cf84cc5b970" />
      <TestMethod codeBase="C:\Temp\__sandboxes__\ddb32018-b18d-418b-a875-3badf5125b42\src\NExpect.Matchers.NSubstitute.Tests\bin\Debug\net7.0\NExpect.Matchers.NSubstitute.Tests.dll" adapterTypeName="executor://nunit3testexecutor/" className="NExpect.Matchers.NSubstitute.Tests.TestReceivedExtensions+WhenExpectingToReceive" name="WhenHaveReceivedTheCorrectAmount_ShouldNotThrow" />
    </UnitTest>
    <UnitTest name="ShouldFailWhenSubHasReceivedNoCalls" storage="c:\temp\__sandboxes__\ddb32018-b18d-418b-a875-3badf5125b42\src\nexpect.matchers.nsubstitute.tests\bin\debug\net7.0\nexpect.matchers.nsubstitute.tests.dll" id="9e048bb1-aec5-c94d-ef8b-c959b38f038c">
      <Execution id="e568c35e-11d6-41b9-844f-04eb1f9287f4" />
      <TestMethod codeBase="C:\Temp\__sandboxes__\ddb32018-b18d-418b-a875-3badf5125b42\src\NExpect.Matchers.NSubstitute.Tests\bin\Debug\net7.0\NExpect.Matchers.NSubstitute.Tests.dll" adapterTypeName="executor://nunit3testexecutor/" className="NExpect.Matchers.NSubstitute.Tests.TestCalledMatchers" name="ShouldFailWhenSubHasReceivedNoCalls" />
    </UnitTest>
    <UnitTest name="ShouldPassWhenSubHasReceivedAnyCall" storage="c:\temp\__sandboxes__\ddb32018-b18d-418b-a875-3badf5125b42\src\nexpect.matchers.nsubstitute.tests\bin\debug\net7.0\nexpect.matchers.nsubstitute.tests.dll" id="beec1d74-f0f4-499a-bf7d-ff2c7b25ad63">
      <Execution id="656a14d1-5dfa-4039-8ede-556ab401dc19" />
      <TestMethod codeBase="C:\Temp\__sandboxes__\ddb32018-b18d-418b-a875-3badf5125b42\src\NExpect.Matchers.NSubstitute.Tests\bin\Debug\net7.0\NExpect.Matchers.NSubstitute.Tests.dll" adapterTypeName="executor://nunit3testexecutor/" className="NExpect.Matchers.NSubstitute.Tests.TestCalledMatchers" name="ShouldPassWhenSubHasReceivedAnyCall" />
    </UnitTest>
    <UnitTest name="WhenHaveReceivedTooFew_ShouldThrow" storage="c:\temp\__sandboxes__\ddb32018-b18d-418b-a875-3badf5125b42\src\nexpect.matchers.nsubstitute.tests\bin\debug\net7.0\nexpect.matchers.nsubstitute.tests.dll" id="2d9af83e-a95f-fa28-1af3-3fa85f1d31ba">
      <Execution id="3e582610-c78e-4cfc-a33b-1ca46fd51ed9" />
      <TestMethod codeBase="C:\Temp\__sandboxes__\ddb32018-b18d-418b-a875-3badf5125b42\src\NExpect.Matchers.NSubstitute.Tests\bin\Debug\net7.0\NExpect.Matchers.NSubstitute.Tests.dll" adapterTypeName="executor://nunit3testexecutor/" className="NExpect.Matchers.NSubstitute.Tests.TestReceivedExtensions+WhenExpectingToReceive" name="WhenHaveReceivedTooFew_ShouldThrow" />
    </UnitTest>
    <UnitTest name="ShouldGiveUsefulErrorWhenNotWorkingWithASub" storage="c:\temp\__sandboxes__\ddb32018-b18d-418b-a875-3badf5125b42\src\nexpect.matchers.nsubstitute.tests\bin\debug\net7.0\nexpect.matchers.nsubstitute.tests.dll" id="80dd9cfa-d9fb-4d9c-7949-c260fbbbb504">
      <Execution id="d02fce39-7689-4d40-8409-ae50fb08a74e" />
      <TestMethod codeBase="C:\Temp\__sandboxes__\ddb32018-b18d-418b-a875-3badf5125b42\src\NExpect.Matchers.NSubstitute.Tests\bin\Debug\net7.0\NExpect.Matchers.NSubstitute.Tests.dll" adapterTypeName="executor://nunit3testexecutor/" className="NExpect.Matchers.NSubstitute.Tests.TestCalledMatchers" name="ShouldGiveUsefulErrorWhenNotWorkingWithASub" />
    </UnitTest>
    <UnitTest name="WhenHaveReceivedAny_ShouldNotThrow" storage="c:\temp\__sandboxes__\ddb32018-b18d-418b-a875-3badf5125b42\src\nexpect.matchers.nsubstitute.tests\bin\debug\net7.0\nexpect.matchers.nsubstitute.tests.dll" id="bf1ccb2e-fcfe-1d50-f0b1-deb67dbce257">
      <Execution id="d471628a-059a-4f01-96b2-821946f98b95" />
      <TestMethod codeBase="C:\Temp\__sandboxes__\ddb32018-b18d-418b-a875-3badf5125b42\src\NExpect.Matchers.NSubstitute.Tests\bin\Debug\net7.0\NExpect.Matchers.NSubstitute.Tests.dll" adapterTypeName="executor://nunit3testexecutor/" className="NExpect.Matchers.NSubstitute.Tests.TestReceivedExtensions+WhenExpectingToReceive" name="WhenHaveReceivedAny_ShouldNotThrow" />
    </UnitTest>
    <UnitTest name="WhenHaveReceivedNoneAndExpectingAny_ShouldThrow" storage="c:\temp\__sandboxes__\ddb32018-b18d-418b-a875-3badf5125b42\src\nexpect.matchers.nsubstitute.tests\bin\debug\net7.0\nexpect.matchers.nsubstitute.tests.dll" id="b6f3cd5c-62be-f090-2789-1b10fef6efc1">
      <Execution id="e97d0781-c17e-440c-9ac4-011e50643596" />
      <TestMethod codeBase="C:\Temp\__sandboxes__\ddb32018-b18d-418b-a875-3badf5125b42\src\NExpect.Matchers.NSubstitute.Tests\bin\Debug\net7.0\NExpect.Matchers.NSubstitute.Tests.dll" adapterTypeName="executor://nunit3testexecutor/" className="NExpect.Matchers.NSubstitute.Tests.TestReceivedExtensions+WhenExpectingToReceive" name="WhenHaveReceivedNoneAndExpectingAny_ShouldThrow" />
    </UnitTest>
    <UnitTest name="WhenHaveReceivedTooMany_ShouldThrow" storage="c:\temp\__sandboxes__\ddb32018-b18d-418b-a875-3badf5125b42\src\nexpect.matchers.nsubstitute.tests\bin\debug\net7.0\nexpect.matchers.nsubstitute.tests.dll" id="8aff36db-771d-66e9-572a-76536598e31c">
      <Execution id="5591ab7e-68c2-4bc5-a8d7-a00c063210a5" />
      <TestMethod codeBase="C:\Temp\__sandboxes__\ddb32018-b18d-418b-a875-3badf5125b42\src\NExpect.Matchers.NSubstitute.Tests\bin\Debug\net7.0\NExpect.Matchers.NSubstitute.Tests.dll" adapterTypeName="executor://nunit3testexecutor/" className="NExpect.Matchers.NSubstitute.Tests.TestReceivedExtensions+WhenExpectingToReceive" name="WhenHaveReceivedTooMany_ShouldThrow" />
    </UnitTest>
    <UnitTest name="ShouldPassNegatedWhenSubHasReceivedNoCalls" storage="c:\temp\__sandboxes__\ddb32018-b18d-418b-a875-3badf5125b42\src\nexpect.matchers.nsubstitute.tests\bin\debug\net7.0\nexpect.matchers.nsubstitute.tests.dll" id="2ab46e3a-5b8c-3197-f5e9-09ed1879aa79">
      <Execution id="c8715f53-a130-4377-a7de-57a2e49bb3b4" />
      <TestMethod codeBase="C:\Temp\__sandboxes__\ddb32018-b18d-418b-a875-3badf5125b42\src\NExpect.Matchers.NSubstitute.Tests\bin\Debug\net7.0\NExpect.Matchers.NSubstitute.Tests.dll" adapterTypeName="executor://nunit3testexecutor/" className="NExpect.Matchers.NSubstitute.Tests.TestCalledMatchers" name="ShouldPassNegatedWhenSubHasReceivedNoCalls" />
    </UnitTest>
    <UnitTest name="WhenReceivedSome_ShouldThrow" storage="c:\temp\__sandboxes__\ddb32018-b18d-418b-a875-3badf5125b42\src\nexpect.matchers.nsubstitute.tests\bin\debug\net7.0\nexpect.matchers.nsubstitute.tests.dll" id="226a2a8c-fc02-bab0-468c-225bd73e8efe">
      <Execution id="7625d3b4-b7b4-4e0c-88f8-2892944263ba" />
      <TestMethod codeBase="C:\Temp\__sandboxes__\ddb32018-b18d-418b-a875-3badf5125b42\src\NExpect.Matchers.NSubstitute.Tests\bin\Debug\net7.0\NExpect.Matchers.NSubstitute.Tests.dll" adapterTypeName="executor://nunit3testexecutor/" className="NExpect.Matchers.NSubstitute.Tests.TestReceivedExtensions+WhenNotExpectingToReceive" name="WhenReceivedSome_ShouldThrow" />
    </UnitTest>
  </TestDefinitions>
  <TestEntries>
    <TestEntry testId="480ee193-e490-c5c4-5120-0ef5a9622656" executionId="7ca43d2d-5e21-4575-a652-3cf84cc5b970" testListId="8c84fa94-04c1-424b-9868-57a2d4851a1d" />
    <TestEntry testId="39bcca84-78b5-a5f9-3687-3472d9e837e1" executionId="dfe6fd40-8735-4f4d-86fc-26a98a663ecd" testListId="8c84fa94-04c1-424b-9868-57a2d4851a1d" />
    <TestEntry testId="2d9af83e-a95f-fa28-1af3-3fa85f1d31ba" executionId="3e582610-c78e-4cfc-a33b-1ca46fd51ed9" testListId="8c84fa94-04c1-424b-9868-57a2d4851a1d" />
    <TestEntry testId="7d7c5c27-a246-52f5-c8f4-2c490c3f169d" executionId="3d20c692-ee41-438b-b6b4-22ab92b11c5c" testListId="8c84fa94-04c1-424b-9868-57a2d4851a1d" />
    <TestEntry testId="2ab46e3a-5b8c-3197-f5e9-09ed1879aa79" executionId="c8715f53-a130-4377-a7de-57a2e49bb3b4" testListId="8c84fa94-04c1-424b-9868-57a2d4851a1d" />
    <TestEntry testId="80dd9cfa-d9fb-4d9c-7949-c260fbbbb504" executionId="d02fce39-7689-4d40-8409-ae50fb08a74e" testListId="8c84fa94-04c1-424b-9868-57a2d4851a1d" />
    <TestEntry testId="b6f3cd5c-62be-f090-2789-1b10fef6efc1" executionId="e97d0781-c17e-440c-9ac4-011e50643596" testListId="8c84fa94-04c1-424b-9868-57a2d4851a1d" />
    <TestEntry testId="226a2a8c-fc02-bab0-468c-225bd73e8efe" executionId="7625d3b4-b7b4-4e0c-88f8-2892944263ba" testListId="8c84fa94-04c1-424b-9868-57a2d4851a1d" />
    <TestEntry testId="8aff36db-771d-66e9-572a-76536598e31c" executionId="5591ab7e-68c2-4bc5-a8d7-a00c063210a5" testListId="8c84fa94-04c1-424b-9868-57a2d4851a1d" />
    <TestEntry testId="07bffc59-74db-9f67-6b1f-79245c16b010" executionId="9027311e-bb88-43b4-83c6-37ae7bfe466d" testListId="8c84fa94-04c1-424b-9868-57a2d4851a1d" />
    <TestEntry testId="bf1ccb2e-fcfe-1d50-f0b1-deb67dbce257" executionId="d471628a-059a-4f01-96b2-821946f98b95" testListId="8c84fa94-04c1-424b-9868-57a2d4851a1d" />
    <TestEntry testId="beec1d74-f0f4-499a-bf7d-ff2c7b25ad63" executionId="656a14d1-5dfa-4039-8ede-556ab401dc19" testListId="8c84fa94-04c1-424b-9868-57a2d4851a1d" />
    <TestEntry testId="9e048bb1-aec5-c94d-ef8b-c959b38f038c" executionId="e568c35e-11d6-41b9-844f-04eb1f9287f4" testListId="8c84fa94-04c1-424b-9868-57a2d4851a1d" />
    <TestEntry testId="02318e84-a774-3185-eadc-07007fc372a8" executionId="b2f6ead7-8d1d-4ce8-a42c-e643ef8b0dcf" testListId="8c84fa94-04c1-424b-9868-57a2d4851a1d" />
  </TestEntries>
  <TestLists>
    <TestList name="Results Not in a List" id="8c84fa94-04c1-424b-9868-57a2d4851a1d" />
    <TestList name="All Loaded Results" id="19431567-8539-422a-85d7-44ee4e166bda" />
  </TestLists>
  <ResultSummary outcome="Completed">
    <Counters total="14" executed="14" passed="14" failed="0" error="0" timeout="0" aborted="0" inconclusive="0" passedButRunAborted="0" notRunnable="0" notExecuted="0" disconnected="0" warning="0" completed="0" inProgress="0" pending="0" />
    <Output>
      <StdOut>NUnit Adapter 4.5.0.0: Test execution started&#xD;
Running all tests in C:\Temp\__sandboxes__\ddb32018-b18d-418b-a875-3badf5125b42\src\NExpect.Matchers.NSubstitute.Tests\bin\Debug\net7.0\NExpect.Matchers.NSubstitute.Tests.dll&#xD;
   NUnit3TestExecutor discovered 14 of 14 NUnit test cases using Current Discovery mode, Non-Explicit run&#xD;
NUnit Adapter 4.5.0.0: Test execution complete&#xD;
</StdOut>
    </Output>
  </ResultSummary>
</TestRun>