<?xml version="1.0" encoding="utf-8"?>
<TestRun id="33a7bb0c-8c73-421c-9f68-07565c63017b" name="davyd.mcColl@CODEO-LT-45 2023-09-01 12:23:25" runUser="CLYRAL\davyd.mcColl" xmlns="http://microsoft.com/schemas/VisualStudio/TeamTest/2010">
  <Times creation="2023-09-01T12:23:25.0267025+02:00" queuing="2023-09-01T12:23:25.0267028+02:00" start="2023-09-01T12:23:24.4340473+02:00" finish="2023-09-01T12:23:25.0388468+02:00" />
  <TestSettings name="default" id="1f832818-ad10-47e0-9ad4-bc4817d0c632">
    <Deployment runDeploymentRoot="davyd.mcColl_CODEO-LT-45_2023-09-01_12_23_25" />
  </TestSettings>
  <Results>
    <UnitTestResult executionId="20ae3f41-b2a3-481d-a308-a052e4f0286a" testId="9e048bb1-aec5-c94d-ef8b-c959b38f038c" testName="ShouldFailWhenSubHasReceivedNoCalls" computerName="CODEO-LT-45" duration="00:00:00.0027490" startTime="2023-09-01T12:23:24.9387123+02:00" endTime="2023-09-01T12:23:24.9414616+02:00" testType="13cdc9d9-ddb5-4fa4-a97d-d965ccfc6d4b" outcome="Passed" testListId="8c84fa94-04c1-424b-9868-57a2d4851a1d" relativeResultsDirectory="20ae3f41-b2a3-481d-a308-a052e4f0286a" />
    <UnitTestResult executionId="918eee48-66dd-4380-bd7e-ead76222dc51" testId="80dd9cfa-d9fb-4d9c-7949-c260fbbbb504" testName="ShouldGiveUsefulErrorWhenNotWorkingWithASub" computerName="CODEO-LT-45" duration="00:00:00.0030940" startTime="2023-09-01T12:23:24.9415172+02:00" endTime="2023-09-01T12:23:24.9446113+02:00" testType="13cdc9d9-ddb5-4fa4-a97d-d965ccfc6d4b" outcome="Passed" testListId="8c84fa94-04c1-424b-9868-57a2d4851a1d" relativeResultsDirectory="918eee48-66dd-4380-bd7e-ead76222dc51" />
    <UnitTestResult executionId="0770edd0-984f-46f7-8e02-265bf8bc62e7" testId="226a2a8c-fc02-bab0-468c-225bd73e8efe" testName="WhenReceivedSome_ShouldThrow" computerName="CODEO-LT-45" duration="00:00:00.0005210" startTime="2023-09-01T12:23:24.9673569+02:00" endTime="2023-09-01T12:23:24.9678775+02:00" testType="13cdc9d9-ddb5-4fa4-a97d-d965ccfc6d4b" outcome="Passed" testListId="8c84fa94-04c1-424b-9868-57a2d4851a1d" relativeResultsDirectory="0770edd0-984f-46f7-8e02-265bf8bc62e7" />
    <UnitTestResult executionId="3046cf1b-d56f-4510-a674-14260ed6f46b" testId="02318e84-a774-3185-eadc-07007fc372a8" testName="ShouldFailWhenNegatedAndSubHasReceivedCall" computerName="CODEO-LT-45" duration="00:00:00.1057750" startTime="2023-09-01T12:23:24.8317762+02:00" endTime="2023-09-01T12:23:24.9375028+02:00" testType="13cdc9d9-ddb5-4fa4-a97d-d965ccfc6d4b" outcome="Passed" testListId="8c84fa94-04c1-424b-9868-57a2d4851a1d" relativeResultsDirectory="3046cf1b-d56f-4510-a674-14260ed6f46b" />
    <UnitTestResult executionId="4d714797-66cd-4ca7-a99d-d364c4f7ad72" testId="39bcca84-78b5-a5f9-3687-3472d9e837e1" testName="WhenReceivedNone_ShouldNotThrow" computerName="CODEO-LT-45" duration="00:00:00.0006250" startTime="2023-09-01T12:23:24.9667225+02:00" endTime="2023-09-01T12:23:24.9673473+02:00" testType="13cdc9d9-ddb5-4fa4-a97d-d965ccfc6d4b" outcome="Passed" testListId="8c84fa94-04c1-424b-9868-57a2d4851a1d" relativeResultsDirectory="4d714797-66cd-4ca7-a99d-d364c4f7ad72" />
    <UnitTestResult executionId="68ecf5b7-88cb-4b56-94b0-a8b7c3522011" testId="bf1ccb2e-fcfe-1d50-f0b1-deb67dbce257" testName="WhenHaveReceivedAny_ShouldNotThrow" computerName="CODEO-LT-45" duration="00:00:00.0014139" startTime="2023-09-01T12:23:24.9587420+02:00" endTime="2023-09-01T12:23:24.9601556+02:00" testType="13cdc9d9-ddb5-4fa4-a97d-d965ccfc6d4b" outcome="Passed" testListId="8c84fa94-04c1-424b-9868-57a2d4851a1d" relativeResultsDirectory="68ecf5b7-88cb-4b56-94b0-a8b7c3522011" />
    <UnitTestResult executionId="2e765792-dc50-4811-9589-3620a8a1d6c8" testId="8aff36db-771d-66e9-572a-76536598e31c" testName="WhenHaveReceivedTooMany_ShouldThrow" computerName="CODEO-LT-45" duration="00:00:00.0006100" startTime="2023-09-01T12:23:24.9652701+02:00" endTime="2023-09-01T12:23:24.9658802+02:00" testType="13cdc9d9-ddb5-4fa4-a97d-d965ccfc6d4b" outcome="Passed" testListId="8c84fa94-04c1-424b-9868-57a2d4851a1d" relativeResultsDirectory="2e765792-dc50-4811-9589-3620a8a1d6c8" />
    <UnitTestResult executionId="87880d29-cba9-4923-b679-2c3788d0b4f0" testId="7d7c5c27-a246-52f5-c8f4-2c490c3f169d" testName="ShouldNotAllowCallCountOnNegation" computerName="CODEO-LT-45" duration="00:00:00.0007460" startTime="2023-09-01T12:23:24.9659665+02:00" endTime="2023-09-01T12:23:24.9667124+02:00" testType="13cdc9d9-ddb5-4fa4-a97d-d965ccfc6d4b" outcome="Passed" testListId="8c84fa94-04c1-424b-9868-57a2d4851a1d" relativeResultsDirectory="87880d29-cba9-4923-b679-2c3788d0b4f0" />
    <UnitTestResult executionId="d015be00-589f-491a-8cda-8a148438caf3" testId="2ab46e3a-5b8c-3197-f5e9-09ed1879aa79" testName="ShouldPassNegatedWhenSubHasReceivedNoCalls" computerName="CODEO-LT-45" duration="00:00:00.0021840" startTime="2023-09-01T12:23:24.9446331+02:00" endTime="2023-09-01T12:23:24.9468167+02:00" testType="13cdc9d9-ddb5-4fa4-a97d-d965ccfc6d4b" outcome="Passed" testListId="8c84fa94-04c1-424b-9868-57a2d4851a1d" relativeResultsDirectory="d015be00-589f-491a-8cda-8a148438caf3" />
    <UnitTestResult executionId="01d30a2d-21cb-4ce3-a2eb-57ec8ed7aaa0" testId="480ee193-e490-c5c4-5120-0ef5a9622656" testName="WhenHaveReceivedTheCorrectAmount_ShouldNotThrow" computerName="CODEO-LT-45" duration="00:00:00.0009710" startTime="2023-09-01T12:23:24.9621775+02:00" endTime="2023-09-01T12:23:24.9631482+02:00" testType="13cdc9d9-ddb5-4fa4-a97d-d965ccfc6d4b" outcome="Passed" testListId="8c84fa94-04c1-424b-9868-57a2d4851a1d" relativeResultsDirectory="01d30a2d-21cb-4ce3-a2eb-57ec8ed7aaa0" />
    <UnitTestResult executionId="3d8f20f2-1cc0-41c5-ba2e-20e518c5ed1f" testId="07bffc59-74db-9f67-6b1f-79245c16b010" testName="ShouldNotTriggerIncompleteAssertions" computerName="CODEO-LT-45" duration="00:00:00.0063470" startTime="2023-09-01T12:23:24.9505602+02:00" endTime="2023-09-01T12:23:24.9569073+02:00" testType="13cdc9d9-ddb5-4fa4-a97d-d965ccfc6d4b" outcome="Passed" testListId="8c84fa94-04c1-424b-9868-57a2d4851a1d" relativeResultsDirectory="3d8f20f2-1cc0-41c5-ba2e-20e518c5ed1f" />
    <UnitTestResult executionId="9de75c3b-c896-492f-a951-b2703c8f98db" testId="2d9af83e-a95f-fa28-1af3-3fa85f1d31ba" testName="WhenHaveReceivedTooFew_ShouldThrow" computerName="CODEO-LT-45" duration="00:00:00.0020940" startTime="2023-09-01T12:23:24.9631637+02:00" endTime="2023-09-01T12:23:24.9652574+02:00" testType="13cdc9d9-ddb5-4fa4-a97d-d965ccfc6d4b" outcome="Passed" testListId="8c84fa94-04c1-424b-9868-57a2d4851a1d" relativeResultsDirectory="9de75c3b-c896-492f-a951-b2703c8f98db" />
    <UnitTestResult executionId="9aeb47e2-3c1f-439c-83b1-021d8550d4ac" testId="beec1d74-f0f4-499a-bf7d-ff2c7b25ad63" testName="ShouldPassWhenSubHasReceivedAnyCall" computerName="CODEO-LT-45" duration="00:00:00.0015040" startTime="2023-09-01T12:23:24.9468401+02:00" endTime="2023-09-01T12:23:24.9483439+02:00" testType="13cdc9d9-ddb5-4fa4-a97d-d965ccfc6d4b" outcome="Passed" testListId="8c84fa94-04c1-424b-9868-57a2d4851a1d" relativeResultsDirectory="9aeb47e2-3c1f-439c-83b1-021d8550d4ac" />
    <UnitTestResult executionId="0325178c-7a92-440b-b828-f89292a8e823" testId="b6f3cd5c-62be-f090-2789-1b10fef6efc1" testName="WhenHaveReceivedNoneAndExpectingAny_ShouldThrow" computerName="CODEO-LT-45" duration="00:00:00.0019840" startTime="2023-09-01T12:23:24.9601750+02:00" endTime="2023-09-01T12:23:24.9621585+02:00" testType="13cdc9d9-ddb5-4fa4-a97d-d965ccfc6d4b" outcome="Passed" testListId="8c84fa94-04c1-424b-9868-57a2d4851a1d" relativeResultsDirectory="0325178c-7a92-440b-b828-f89292a8e823" />
  </Results>
  <TestDefinitions>
    <UnitTest name="ShouldFailWhenNegatedAndSubHasReceivedCall" storage="c:\temp\__sandboxes__\003d6ca8-fdc4-440e-a1fa-64fed32268a6\src\nexpect.matchers.nsubstitute.tests\bin\debug\net7.0\nexpect.matchers.nsubstitute.tests.dll" id="02318e84-a774-3185-eadc-07007fc372a8">
      <Execution id="3046cf1b-d56f-4510-a674-14260ed6f46b" />
      <TestMethod codeBase="C:\Temp\__sandboxes__\003d6ca8-fdc4-440e-a1fa-64fed32268a6\src\NExpect.Matchers.NSubstitute.Tests\bin\Debug\net7.0\NExpect.Matchers.NSubstitute.Tests.dll" adapterTypeName="executor://nunit3testexecutor/" className="NExpect.Matchers.NSubstitute.Tests.TestCalledMatchers" name="ShouldFailWhenNegatedAndSubHasReceivedCall" />
    </UnitTest>
    <UnitTest name="ShouldNotTriggerIncompleteAssertions" storage="c:\temp\__sandboxes__\003d6ca8-fdc4-440e-a1fa-64fed32268a6\src\nexpect.matchers.nsubstitute.tests\bin\debug\net7.0\nexpect.matchers.nsubstitute.tests.dll" id="07bffc59-74db-9f67-6b1f-79245c16b010">
      <Execution id="3d8f20f2-1cc0-41c5-ba2e-20e518c5ed1f" />
      <TestMethod codeBase="C:\Temp\__sandboxes__\003d6ca8-fdc4-440e-a1fa-64fed32268a6\src\NExpect.Matchers.NSubstitute.Tests\bin\Debug\net7.0\NExpect.Matchers.NSubstitute.Tests.dll" adapterTypeName="executor://nunit3testexecutor/" className="NExpect.Matchers.NSubstitute.Tests.TestReceivedExtensions" name="ShouldNotTriggerIncompleteAssertions" />
    </UnitTest>
    <UnitTest name="ShouldNotAllowCallCountOnNegation" storage="c:\temp\__sandboxes__\003d6ca8-fdc4-440e-a1fa-64fed32268a6\src\nexpect.matchers.nsubstitute.tests\bin\debug\net7.0\nexpect.matchers.nsubstitute.tests.dll" id="7d7c5c27-a246-52f5-c8f4-2c490c3f169d">
      <Execution id="87880d29-cba9-4923-b679-2c3788d0b4f0" />
      <TestMethod codeBase="C:\Temp\__sandboxes__\003d6ca8-fdc4-440e-a1fa-64fed32268a6\src\NExpect.Matchers.NSubstitute.Tests\bin\Debug\net7.0\NExpect.Matchers.NSubstitute.Tests.dll" adapterTypeName="executor://nunit3testexecutor/" className="NExpect.Matchers.NSubstitute.Tests.TestReceivedExtensions+WhenNotExpectingToReceive" name="ShouldNotAllowCallCountOnNegation" />
    </UnitTest>
    <UnitTest name="WhenReceivedNone_ShouldNotThrow" storage="c:\temp\__sandboxes__\003d6ca8-fdc4-440e-a1fa-64fed32268a6\src\nexpect.matchers.nsubstitute.tests\bin\debug\net7.0\nexpect.matchers.nsubstitute.tests.dll" id="39bcca84-78b5-a5f9-3687-3472d9e837e1">
      <Execution id="4d714797-66cd-4ca7-a99d-d364c4f7ad72" />
      <TestMethod codeBase="C:\Temp\__sandboxes__\003d6ca8-fdc4-440e-a1fa-64fed32268a6\src\NExpect.Matchers.NSubstitute.Tests\bin\Debug\net7.0\NExpect.Matchers.NSubstitute.Tests.dll" adapterTypeName="executor://nunit3testexecutor/" className="NExpect.Matchers.NSubstitute.Tests.TestReceivedExtensions+WhenNotExpectingToReceive" name="WhenReceivedNone_ShouldNotThrow" />
    </UnitTest>
    <UnitTest name="WhenHaveReceivedTheCorrectAmount_ShouldNotThrow" storage="c:\temp\__sandboxes__\003d6ca8-fdc4-440e-a1fa-64fed32268a6\src\nexpect.matchers.nsubstitute.tests\bin\debug\net7.0\nexpect.matchers.nsubstitute.tests.dll" id="480ee193-e490-c5c4-5120-0ef5a9622656">
      <Execution id="01d30a2d-21cb-4ce3-a2eb-57ec8ed7aaa0" />
      <TestMethod codeBase="C:\Temp\__sandboxes__\003d6ca8-fdc4-440e-a1fa-64fed32268a6\src\NExpect.Matchers.NSubstitute.Tests\bin\Debug\net7.0\NExpect.Matchers.NSubstitute.Tests.dll" adapterTypeName="executor://nunit3testexecutor/" className="NExpect.Matchers.NSubstitute.Tests.TestReceivedExtensions+WhenExpectingToReceive" name="WhenHaveReceivedTheCorrectAmount_ShouldNotThrow" />
    </UnitTest>
    <UnitTest name="ShouldFailWhenSubHasReceivedNoCalls" storage="c:\temp\__sandboxes__\003d6ca8-fdc4-440e-a1fa-64fed32268a6\src\nexpect.matchers.nsubstitute.tests\bin\debug\net7.0\nexpect.matchers.nsubstitute.tests.dll" id="9e048bb1-aec5-c94d-ef8b-c959b38f038c">
      <Execution id="20ae3f41-b2a3-481d-a308-a052e4f0286a" />
      <TestMethod codeBase="C:\Temp\__sandboxes__\003d6ca8-fdc4-440e-a1fa-64fed32268a6\src\NExpect.Matchers.NSubstitute.Tests\bin\Debug\net7.0\NExpect.Matchers.NSubstitute.Tests.dll" adapterTypeName="executor://nunit3testexecutor/" className="NExpect.Matchers.NSubstitute.Tests.TestCalledMatchers" name="ShouldFailWhenSubHasReceivedNoCalls" />
    </UnitTest>
    <UnitTest name="ShouldPassWhenSubHasReceivedAnyCall" storage="c:\temp\__sandboxes__\003d6ca8-fdc4-440e-a1fa-64fed32268a6\src\nexpect.matchers.nsubstitute.tests\bin\debug\net7.0\nexpect.matchers.nsubstitute.tests.dll" id="beec1d74-f0f4-499a-bf7d-ff2c7b25ad63">
      <Execution id="9aeb47e2-3c1f-439c-83b1-021d8550d4ac" />
      <TestMethod codeBase="C:\Temp\__sandboxes__\003d6ca8-fdc4-440e-a1fa-64fed32268a6\src\NExpect.Matchers.NSubstitute.Tests\bin\Debug\net7.0\NExpect.Matchers.NSubstitute.Tests.dll" adapterTypeName="executor://nunit3testexecutor/" className="NExpect.Matchers.NSubstitute.Tests.TestCalledMatchers" name="ShouldPassWhenSubHasReceivedAnyCall" />
    </UnitTest>
    <UnitTest name="WhenHaveReceivedTooFew_ShouldThrow" storage="c:\temp\__sandboxes__\003d6ca8-fdc4-440e-a1fa-64fed32268a6\src\nexpect.matchers.nsubstitute.tests\bin\debug\net7.0\nexpect.matchers.nsubstitute.tests.dll" id="2d9af83e-a95f-fa28-1af3-3fa85f1d31ba">
      <Execution id="9de75c3b-c896-492f-a951-b2703c8f98db" />
      <TestMethod codeBase="C:\Temp\__sandboxes__\003d6ca8-fdc4-440e-a1fa-64fed32268a6\src\NExpect.Matchers.NSubstitute.Tests\bin\Debug\net7.0\NExpect.Matchers.NSubstitute.Tests.dll" adapterTypeName="executor://nunit3testexecutor/" className="NExpect.Matchers.NSubstitute.Tests.TestReceivedExtensions+WhenExpectingToReceive" name="WhenHaveReceivedTooFew_ShouldThrow" />
    </UnitTest>
    <UnitTest name="ShouldGiveUsefulErrorWhenNotWorkingWithASub" storage="c:\temp\__sandboxes__\003d6ca8-fdc4-440e-a1fa-64fed32268a6\src\nexpect.matchers.nsubstitute.tests\bin\debug\net7.0\nexpect.matchers.nsubstitute.tests.dll" id="80dd9cfa-d9fb-4d9c-7949-c260fbbbb504">
      <Execution id="918eee48-66dd-4380-bd7e-ead76222dc51" />
      <TestMethod codeBase="C:\Temp\__sandboxes__\003d6ca8-fdc4-440e-a1fa-64fed32268a6\src\NExpect.Matchers.NSubstitute.Tests\bin\Debug\net7.0\NExpect.Matchers.NSubstitute.Tests.dll" adapterTypeName="executor://nunit3testexecutor/" className="NExpect.Matchers.NSubstitute.Tests.TestCalledMatchers" name="ShouldGiveUsefulErrorWhenNotWorkingWithASub" />
    </UnitTest>
    <UnitTest name="WhenHaveReceivedAny_ShouldNotThrow" storage="c:\temp\__sandboxes__\003d6ca8-fdc4-440e-a1fa-64fed32268a6\src\nexpect.matchers.nsubstitute.tests\bin\debug\net7.0\nexpect.matchers.nsubstitute.tests.dll" id="bf1ccb2e-fcfe-1d50-f0b1-deb67dbce257">
      <Execution id="68ecf5b7-88cb-4b56-94b0-a8b7c3522011" />
      <TestMethod codeBase="C:\Temp\__sandboxes__\003d6ca8-fdc4-440e-a1fa-64fed32268a6\src\NExpect.Matchers.NSubstitute.Tests\bin\Debug\net7.0\NExpect.Matchers.NSubstitute.Tests.dll" adapterTypeName="executor://nunit3testexecutor/" className="NExpect.Matchers.NSubstitute.Tests.TestReceivedExtensions+WhenExpectingToReceive" name="WhenHaveReceivedAny_ShouldNotThrow" />
    </UnitTest>
    <UnitTest name="WhenHaveReceivedNoneAndExpectingAny_ShouldThrow" storage="c:\temp\__sandboxes__\003d6ca8-fdc4-440e-a1fa-64fed32268a6\src\nexpect.matchers.nsubstitute.tests\bin\debug\net7.0\nexpect.matchers.nsubstitute.tests.dll" id="b6f3cd5c-62be-f090-2789-1b10fef6efc1">
      <Execution id="0325178c-7a92-440b-b828-f89292a8e823" />
      <TestMethod codeBase="C:\Temp\__sandboxes__\003d6ca8-fdc4-440e-a1fa-64fed32268a6\src\NExpect.Matchers.NSubstitute.Tests\bin\Debug\net7.0\NExpect.Matchers.NSubstitute.Tests.dll" adapterTypeName="executor://nunit3testexecutor/" className="NExpect.Matchers.NSubstitute.Tests.TestReceivedExtensions+WhenExpectingToReceive" name="WhenHaveReceivedNoneAndExpectingAny_ShouldThrow" />
    </UnitTest>
    <UnitTest name="WhenHaveReceivedTooMany_ShouldThrow" storage="c:\temp\__sandboxes__\003d6ca8-fdc4-440e-a1fa-64fed32268a6\src\nexpect.matchers.nsubstitute.tests\bin\debug\net7.0\nexpect.matchers.nsubstitute.tests.dll" id="8aff36db-771d-66e9-572a-76536598e31c">
      <Execution id="2e765792-dc50-4811-9589-3620a8a1d6c8" />
      <TestMethod codeBase="C:\Temp\__sandboxes__\003d6ca8-fdc4-440e-a1fa-64fed32268a6\src\NExpect.Matchers.NSubstitute.Tests\bin\Debug\net7.0\NExpect.Matchers.NSubstitute.Tests.dll" adapterTypeName="executor://nunit3testexecutor/" className="NExpect.Matchers.NSubstitute.Tests.TestReceivedExtensions+WhenExpectingToReceive" name="WhenHaveReceivedTooMany_ShouldThrow" />
    </UnitTest>
    <UnitTest name="ShouldPassNegatedWhenSubHasReceivedNoCalls" storage="c:\temp\__sandboxes__\003d6ca8-fdc4-440e-a1fa-64fed32268a6\src\nexpect.matchers.nsubstitute.tests\bin\debug\net7.0\nexpect.matchers.nsubstitute.tests.dll" id="2ab46e3a-5b8c-3197-f5e9-09ed1879aa79">
      <Execution id="d015be00-589f-491a-8cda-8a148438caf3" />
      <TestMethod codeBase="C:\Temp\__sandboxes__\003d6ca8-fdc4-440e-a1fa-64fed32268a6\src\NExpect.Matchers.NSubstitute.Tests\bin\Debug\net7.0\NExpect.Matchers.NSubstitute.Tests.dll" adapterTypeName="executor://nunit3testexecutor/" className="NExpect.Matchers.NSubstitute.Tests.TestCalledMatchers" name="ShouldPassNegatedWhenSubHasReceivedNoCalls" />
    </UnitTest>
    <UnitTest name="WhenReceivedSome_ShouldThrow" storage="c:\temp\__sandboxes__\003d6ca8-fdc4-440e-a1fa-64fed32268a6\src\nexpect.matchers.nsubstitute.tests\bin\debug\net7.0\nexpect.matchers.nsubstitute.tests.dll" id="226a2a8c-fc02-bab0-468c-225bd73e8efe">
      <Execution id="0770edd0-984f-46f7-8e02-265bf8bc62e7" />
      <TestMethod codeBase="C:\Temp\__sandboxes__\003d6ca8-fdc4-440e-a1fa-64fed32268a6\src\NExpect.Matchers.NSubstitute.Tests\bin\Debug\net7.0\NExpect.Matchers.NSubstitute.Tests.dll" adapterTypeName="executor://nunit3testexecutor/" className="NExpect.Matchers.NSubstitute.Tests.TestReceivedExtensions+WhenNotExpectingToReceive" name="WhenReceivedSome_ShouldThrow" />
    </UnitTest>
  </TestDefinitions>
  <TestEntries>
    <TestEntry testId="9e048bb1-aec5-c94d-ef8b-c959b38f038c" executionId="20ae3f41-b2a3-481d-a308-a052e4f0286a" testListId="8c84fa94-04c1-424b-9868-57a2d4851a1d" />
    <TestEntry testId="80dd9cfa-d9fb-4d9c-7949-c260fbbbb504" executionId="918eee48-66dd-4380-bd7e-ead76222dc51" testListId="8c84fa94-04c1-424b-9868-57a2d4851a1d" />
    <TestEntry testId="226a2a8c-fc02-bab0-468c-225bd73e8efe" executionId="0770edd0-984f-46f7-8e02-265bf8bc62e7" testListId="8c84fa94-04c1-424b-9868-57a2d4851a1d" />
    <TestEntry testId="02318e84-a774-3185-eadc-07007fc372a8" executionId="3046cf1b-d56f-4510-a674-14260ed6f46b" testListId="8c84fa94-04c1-424b-9868-57a2d4851a1d" />
    <TestEntry testId="39bcca84-78b5-a5f9-3687-3472d9e837e1" executionId="4d714797-66cd-4ca7-a99d-d364c4f7ad72" testListId="8c84fa94-04c1-424b-9868-57a2d4851a1d" />
    <TestEntry testId="bf1ccb2e-fcfe-1d50-f0b1-deb67dbce257" executionId="68ecf5b7-88cb-4b56-94b0-a8b7c3522011" testListId="8c84fa94-04c1-424b-9868-57a2d4851a1d" />
    <TestEntry testId="8aff36db-771d-66e9-572a-76536598e31c" executionId="2e765792-dc50-4811-9589-3620a8a1d6c8" testListId="8c84fa94-04c1-424b-9868-57a2d4851a1d" />
    <TestEntry testId="7d7c5c27-a246-52f5-c8f4-2c490c3f169d" executionId="87880d29-cba9-4923-b679-2c3788d0b4f0" testListId="8c84fa94-04c1-424b-9868-57a2d4851a1d" />
    <TestEntry testId="2ab46e3a-5b8c-3197-f5e9-09ed1879aa79" executionId="d015be00-589f-491a-8cda-8a148438caf3" testListId="8c84fa94-04c1-424b-9868-57a2d4851a1d" />
    <TestEntry testId="480ee193-e490-c5c4-5120-0ef5a9622656" executionId="01d30a2d-21cb-4ce3-a2eb-57ec8ed7aaa0" testListId="8c84fa94-04c1-424b-9868-57a2d4851a1d" />
    <TestEntry testId="07bffc59-74db-9f67-6b1f-79245c16b010" executionId="3d8f20f2-1cc0-41c5-ba2e-20e518c5ed1f" testListId="8c84fa94-04c1-424b-9868-57a2d4851a1d" />
    <TestEntry testId="2d9af83e-a95f-fa28-1af3-3fa85f1d31ba" executionId="9de75c3b-c896-492f-a951-b2703c8f98db" testListId="8c84fa94-04c1-424b-9868-57a2d4851a1d" />
    <TestEntry testId="beec1d74-f0f4-499a-bf7d-ff2c7b25ad63" executionId="9aeb47e2-3c1f-439c-83b1-021d8550d4ac" testListId="8c84fa94-04c1-424b-9868-57a2d4851a1d" />
    <TestEntry testId="b6f3cd5c-62be-f090-2789-1b10fef6efc1" executionId="0325178c-7a92-440b-b828-f89292a8e823" testListId="8c84fa94-04c1-424b-9868-57a2d4851a1d" />
  </TestEntries>
  <TestLists>
    <TestList name="Results Not in a List" id="8c84fa94-04c1-424b-9868-57a2d4851a1d" />
    <TestList name="All Loaded Results" id="19431567-8539-422a-85d7-44ee4e166bda" />
  </TestLists>
  <ResultSummary outcome="Completed">
    <Counters total="14" executed="14" passed="14" failed="0" error="0" timeout="0" aborted="0" inconclusive="0" passedButRunAborted="0" notRunnable="0" notExecuted="0" disconnected="0" warning="0" completed="0" inProgress="0" pending="0" />
    <Output>
      <StdOut>NUnit Adapter 4.5.0.0: Test execution started&#xD;
Running all tests in C:\Temp\__sandboxes__\003d6ca8-fdc4-440e-a1fa-64fed32268a6\src\NExpect.Matchers.NSubstitute.Tests\bin\Debug\net7.0\NExpect.Matchers.NSubstitute.Tests.dll&#xD;
   NUnit3TestExecutor discovered 14 of 14 NUnit test cases using Current Discovery mode, Non-Explicit run&#xD;
NUnit Adapter 4.5.0.0: Test execution complete&#xD;
</StdOut>
    </Output>
  </ResultSummary>
</TestRun>