<?xml version="1.0" encoding="utf-8"?>
<TestRun id="cdfffcc9-e8b3-4dac-98ad-5646bcb9c856" name="davyd.mcColl@CODEO-LT-45 2023-09-01 12:31:17" runUser="CLYRAL\davyd.mcColl" xmlns="http://microsoft.com/schemas/VisualStudio/TeamTest/2010">
  <Times creation="2023-09-01T12:31:17.9434138+02:00" queuing="2023-09-01T12:31:17.9434140+02:00" start="2023-09-01T12:31:17.2957336+02:00" finish="2023-09-01T12:31:17.9629869+02:00" />
  <TestSettings name="default" id="3a5ab70d-d47c-4cf8-97a6-ec3f2b68188d">
    <Deployment runDeploymentRoot="davyd.mcColl_CODEO-LT-45_2023-09-01_12_31_17" />
  </TestSettings>
  <Results>
    <UnitTestResult executionId="5777cefb-22ce-4547-a382-ad7cbce250e8" testId="9e048bb1-aec5-c94d-ef8b-c959b38f038c" testName="ShouldFailWhenSubHasReceivedNoCalls" computerName="CODEO-LT-45" duration="00:00:00.0031380" startTime="2023-09-01T12:31:17.8538259+02:00" endTime="2023-09-01T12:31:17.8569633+02:00" testType="13cdc9d9-ddb5-4fa4-a97d-d965ccfc6d4b" outcome="Passed" testListId="8c84fa94-04c1-424b-9868-57a2d4851a1d" relativeResultsDirectory="5777cefb-22ce-4547-a382-ad7cbce250e8" />
    <UnitTestResult executionId="9f929756-6698-48f1-9bda-5414515cad20" testId="7d7c5c27-a246-52f5-c8f4-2c490c3f169d" testName="ShouldNotAllowCallCountOnNegation" computerName="CODEO-LT-45" duration="00:00:00.0008840" startTime="2023-09-01T12:31:17.8886292+02:00" endTime="2023-09-01T12:31:17.8895134+02:00" testType="13cdc9d9-ddb5-4fa4-a97d-d965ccfc6d4b" outcome="Passed" testListId="8c84fa94-04c1-424b-9868-57a2d4851a1d" relativeResultsDirectory="9f929756-6698-48f1-9bda-5414515cad20" />
    <UnitTestResult executionId="50a1f955-1842-4364-9c60-8451eb2d696b" testId="07bffc59-74db-9f67-6b1f-79245c16b010" testName="ShouldNotTriggerIncompleteAssertions" computerName="CODEO-LT-45" duration="00:00:00.0105140" startTime="2023-09-01T12:31:17.8665377+02:00" endTime="2023-09-01T12:31:17.8770516+02:00" testType="13cdc9d9-ddb5-4fa4-a97d-d965ccfc6d4b" outcome="Passed" testListId="8c84fa94-04c1-424b-9868-57a2d4851a1d" relativeResultsDirectory="50a1f955-1842-4364-9c60-8451eb2d696b" />
    <UnitTestResult executionId="9dc7b23f-a303-40f5-8e0f-593d99ca6bf6" testId="b6f3cd5c-62be-f090-2789-1b10fef6efc1" testName="WhenHaveReceivedNoneAndExpectingAny_ShouldThrow" computerName="CODEO-LT-45" duration="00:00:00.0025060" startTime="2023-09-01T12:31:17.8809335+02:00" endTime="2023-09-01T12:31:17.8834387+02:00" testType="13cdc9d9-ddb5-4fa4-a97d-d965ccfc6d4b" outcome="Passed" testListId="8c84fa94-04c1-424b-9868-57a2d4851a1d" relativeResultsDirectory="9dc7b23f-a303-40f5-8e0f-593d99ca6bf6" />
    <UnitTestResult executionId="82ad8316-9b6e-4e30-9ed4-dfb991c490c5" testId="2d9af83e-a95f-fa28-1af3-3fa85f1d31ba" testName="WhenHaveReceivedTooFew_ShouldThrow" computerName="CODEO-LT-45" duration="00:00:00.0030140" startTime="2023-09-01T12:31:17.8847144+02:00" endTime="2023-09-01T12:31:17.8877281+02:00" testType="13cdc9d9-ddb5-4fa4-a97d-d965ccfc6d4b" outcome="Passed" testListId="8c84fa94-04c1-424b-9868-57a2d4851a1d" relativeResultsDirectory="82ad8316-9b6e-4e30-9ed4-dfb991c490c5" />
    <UnitTestResult executionId="190212de-b4fe-4f57-b47f-08fe01563cf0" testId="2ab46e3a-5b8c-3197-f5e9-09ed1879aa79" testName="ShouldPassNegatedWhenSubHasReceivedNoCalls" computerName="CODEO-LT-45" duration="00:00:00.0014280" startTime="2023-09-01T12:31:17.8616553+02:00" endTime="2023-09-01T12:31:17.8630831+02:00" testType="13cdc9d9-ddb5-4fa4-a97d-d965ccfc6d4b" outcome="Passed" testListId="8c84fa94-04c1-424b-9868-57a2d4851a1d" relativeResultsDirectory="190212de-b4fe-4f57-b47f-08fe01563cf0" />
    <UnitTestResult executionId="6ca8a16c-f1e1-45cc-a18f-8639e5ebd98e" testId="480ee193-e490-c5c4-5120-0ef5a9622656" testName="WhenHaveReceivedTheCorrectAmount_ShouldNotThrow" computerName="CODEO-LT-45" duration="00:00:00.0012080" startTime="2023-09-01T12:31:17.8834772+02:00" endTime="2023-09-01T12:31:17.8846843+02:00" testType="13cdc9d9-ddb5-4fa4-a97d-d965ccfc6d4b" outcome="Passed" testListId="8c84fa94-04c1-424b-9868-57a2d4851a1d" relativeResultsDirectory="6ca8a16c-f1e1-45cc-a18f-8639e5ebd98e" />
    <UnitTestResult executionId="d44af088-b590-4c5c-967d-7edefed1710a" testId="bf1ccb2e-fcfe-1d50-f0b1-deb67dbce257" testName="WhenHaveReceivedAny_ShouldNotThrow" computerName="CODEO-LT-45" duration="00:00:00.0015550" startTime="2023-09-01T12:31:17.8793483+02:00" endTime="2023-09-01T12:31:17.8809031+02:00" testType="13cdc9d9-ddb5-4fa4-a97d-d965ccfc6d4b" outcome="Passed" testListId="8c84fa94-04c1-424b-9868-57a2d4851a1d" relativeResultsDirectory="d44af088-b590-4c5c-967d-7edefed1710a" />
    <UnitTestResult executionId="45124d99-4e84-4c1f-8a68-27764760ca75" testId="8aff36db-771d-66e9-572a-76536598e31c" testName="WhenHaveReceivedTooMany_ShouldThrow" computerName="CODEO-LT-45" duration="00:00:00.0007730" startTime="2023-09-01T12:31:17.8877502+02:00" endTime="2023-09-01T12:31:17.8885224+02:00" testType="13cdc9d9-ddb5-4fa4-a97d-d965ccfc6d4b" outcome="Passed" testListId="8c84fa94-04c1-424b-9868-57a2d4851a1d" relativeResultsDirectory="45124d99-4e84-4c1f-8a68-27764760ca75" />
    <UnitTestResult executionId="495664d4-ea84-4d6d-a0df-ffa1e2cc6f23" testId="226a2a8c-fc02-bab0-468c-225bd73e8efe" testName="WhenReceivedSome_ShouldThrow" computerName="CODEO-LT-45" duration="00:00:00.0006560" startTime="2023-09-01T12:31:17.8903145+02:00" endTime="2023-09-01T12:31:17.8909699+02:00" testType="13cdc9d9-ddb5-4fa4-a97d-d965ccfc6d4b" outcome="Passed" testListId="8c84fa94-04c1-424b-9868-57a2d4851a1d" relativeResultsDirectory="495664d4-ea84-4d6d-a0df-ffa1e2cc6f23" />
    <UnitTestResult executionId="fe91f536-0cf5-4d31-a015-2bc6ea25c538" testId="80dd9cfa-d9fb-4d9c-7949-c260fbbbb504" testName="ShouldGiveUsefulErrorWhenNotWorkingWithASub" computerName="CODEO-LT-45" duration="00:00:00.0045930" startTime="2023-09-01T12:31:17.8570423+02:00" endTime="2023-09-01T12:31:17.8616345+02:00" testType="13cdc9d9-ddb5-4fa4-a97d-d965ccfc6d4b" outcome="Passed" testListId="8c84fa94-04c1-424b-9868-57a2d4851a1d" relativeResultsDirectory="fe91f536-0cf5-4d31-a015-2bc6ea25c538" />
    <UnitTestResult executionId="53c06037-4adb-4c95-b8b2-7d11171bb9b7" testId="02318e84-a774-3185-eadc-07007fc372a8" testName="ShouldFailWhenNegatedAndSubHasReceivedCall" computerName="CODEO-LT-45" duration="00:00:00.1317770" startTime="2023-09-01T12:31:17.7207821+02:00" endTime="2023-09-01T12:31:17.8525135+02:00" testType="13cdc9d9-ddb5-4fa4-a97d-d965ccfc6d4b" outcome="Passed" testListId="8c84fa94-04c1-424b-9868-57a2d4851a1d" relativeResultsDirectory="53c06037-4adb-4c95-b8b2-7d11171bb9b7" />
    <UnitTestResult executionId="37f557b0-6571-46a7-8bbb-bfba2cec37f5" testId="39bcca84-78b5-a5f9-3687-3472d9e837e1" testName="WhenReceivedNone_ShouldNotThrow" computerName="CODEO-LT-45" duration="00:00:00.0007649" startTime="2023-09-01T12:31:17.8895324+02:00" endTime="2023-09-01T12:31:17.8902967+02:00" testType="13cdc9d9-ddb5-4fa4-a97d-d965ccfc6d4b" outcome="Passed" testListId="8c84fa94-04c1-424b-9868-57a2d4851a1d" relativeResultsDirectory="37f557b0-6571-46a7-8bbb-bfba2cec37f5" />
    <UnitTestResult executionId="322b1738-8fc0-4ff0-8c2a-fb488fc69584" testId="beec1d74-f0f4-499a-bf7d-ff2c7b25ad63" testName="ShouldPassWhenSubHasReceivedAnyCall" computerName="CODEO-LT-45" duration="00:00:00.0013420" startTime="2023-09-01T12:31:17.8631093+02:00" endTime="2023-09-01T12:31:17.8644509+02:00" testType="13cdc9d9-ddb5-4fa4-a97d-d965ccfc6d4b" outcome="Passed" testListId="8c84fa94-04c1-424b-9868-57a2d4851a1d" relativeResultsDirectory="322b1738-8fc0-4ff0-8c2a-fb488fc69584" />
  </Results>
  <TestDefinitions>
    <UnitTest name="ShouldFailWhenNegatedAndSubHasReceivedCall" storage="c:\temp\__sandboxes__\386822c3-d6c3-48ae-b57e-e9e20211327d\src\nexpect.matchers.nsubstitute.tests\bin\debug\net7.0\nexpect.matchers.nsubstitute.tests.dll" id="02318e84-a774-3185-eadc-07007fc372a8">
      <Execution id="53c06037-4adb-4c95-b8b2-7d11171bb9b7" />
      <TestMethod codeBase="C:\Temp\__sandboxes__\386822c3-d6c3-48ae-b57e-e9e20211327d\src\NExpect.Matchers.NSubstitute.Tests\bin\Debug\net7.0\NExpect.Matchers.NSubstitute.Tests.dll" adapterTypeName="executor://nunit3testexecutor/" className="NExpect.Matchers.NSubstitute.Tests.TestCalledMatchers" name="ShouldFailWhenNegatedAndSubHasReceivedCall" />
    </UnitTest>
    <UnitTest name="ShouldNotTriggerIncompleteAssertions" storage="c:\temp\__sandboxes__\386822c3-d6c3-48ae-b57e-e9e20211327d\src\nexpect.matchers.nsubstitute.tests\bin\debug\net7.0\nexpect.matchers.nsubstitute.tests.dll" id="07bffc59-74db-9f67-6b1f-79245c16b010">
      <Execution id="50a1f955-1842-4364-9c60-8451eb2d696b" />
      <TestMethod codeBase="C:\Temp\__sandboxes__\386822c3-d6c3-48ae-b57e-e9e20211327d\src\NExpect.Matchers.NSubstitute.Tests\bin\Debug\net7.0\NExpect.Matchers.NSubstitute.Tests.dll" adapterTypeName="executor://nunit3testexecutor/" className="NExpect.Matchers.NSubstitute.Tests.TestReceivedExtensions" name="ShouldNotTriggerIncompleteAssertions" />
    </UnitTest>
    <UnitTest name="ShouldNotAllowCallCountOnNegation" storage="c:\temp\__sandboxes__\386822c3-d6c3-48ae-b57e-e9e20211327d\src\nexpect.matchers.nsubstitute.tests\bin\debug\net7.0\nexpect.matchers.nsubstitute.tests.dll" id="7d7c5c27-a246-52f5-c8f4-2c490c3f169d">
      <Execution id="9f929756-6698-48f1-9bda-5414515cad20" />
      <TestMethod codeBase="C:\Temp\__sandboxes__\386822c3-d6c3-48ae-b57e-e9e20211327d\src\NExpect.Matchers.NSubstitute.Tests\bin\Debug\net7.0\NExpect.Matchers.NSubstitute.Tests.dll" adapterTypeName="executor://nunit3testexecutor/" className="NExpect.Matchers.NSubstitute.Tests.TestReceivedExtensions+WhenNotExpectingToReceive" name="ShouldNotAllowCallCountOnNegation" />
    </UnitTest>
    <UnitTest name="WhenReceivedNone_ShouldNotThrow" storage="c:\temp\__sandboxes__\386822c3-d6c3-48ae-b57e-e9e20211327d\src\nexpect.matchers.nsubstitute.tests\bin\debug\net7.0\nexpect.matchers.nsubstitute.tests.dll" id="39bcca84-78b5-a5f9-3687-3472d9e837e1">
      <Execution id="37f557b0-6571-46a7-8bbb-bfba2cec37f5" />
      <TestMethod codeBase="C:\Temp\__sandboxes__\386822c3-d6c3-48ae-b57e-e9e20211327d\src\NExpect.Matchers.NSubstitute.Tests\bin\Debug\net7.0\NExpect.Matchers.NSubstitute.Tests.dll" adapterTypeName="executor://nunit3testexecutor/" className="NExpect.Matchers.NSubstitute.Tests.TestReceivedExtensions+WhenNotExpectingToReceive" name="WhenReceivedNone_ShouldNotThrow" />
    </UnitTest>
    <UnitTest name="WhenHaveReceivedTheCorrectAmount_ShouldNotThrow" storage="c:\temp\__sandboxes__\386822c3-d6c3-48ae-b57e-e9e20211327d\src\nexpect.matchers.nsubstitute.tests\bin\debug\net7.0\nexpect.matchers.nsubstitute.tests.dll" id="480ee193-e490-c5c4-5120-0ef5a9622656">
      <Execution id="6ca8a16c-f1e1-45cc-a18f-8639e5ebd98e" />
      <TestMethod codeBase="C:\Temp\__sandboxes__\386822c3-d6c3-48ae-b57e-e9e20211327d\src\NExpect.Matchers.NSubstitute.Tests\bin\Debug\net7.0\NExpect.Matchers.NSubstitute.Tests.dll" adapterTypeName="executor://nunit3testexecutor/" className="NExpect.Matchers.NSubstitute.Tests.TestReceivedExtensions+WhenExpectingToReceive" name="WhenHaveReceivedTheCorrectAmount_ShouldNotThrow" />
    </UnitTest>
    <UnitTest name="ShouldFailWhenSubHasReceivedNoCalls" storage="c:\temp\__sandboxes__\386822c3-d6c3-48ae-b57e-e9e20211327d\src\nexpect.matchers.nsubstitute.tests\bin\debug\net7.0\nexpect.matchers.nsubstitute.tests.dll" id="9e048bb1-aec5-c94d-ef8b-c959b38f038c">
      <Execution id="5777cefb-22ce-4547-a382-ad7cbce250e8" />
      <TestMethod codeBase="C:\Temp\__sandboxes__\386822c3-d6c3-48ae-b57e-e9e20211327d\src\NExpect.Matchers.NSubstitute.Tests\bin\Debug\net7.0\NExpect.Matchers.NSubstitute.Tests.dll" adapterTypeName="executor://nunit3testexecutor/" className="NExpect.Matchers.NSubstitute.Tests.TestCalledMatchers" name="ShouldFailWhenSubHasReceivedNoCalls" />
    </UnitTest>
    <UnitTest name="ShouldPassWhenSubHasReceivedAnyCall" storage="c:\temp\__sandboxes__\386822c3-d6c3-48ae-b57e-e9e20211327d\src\nexpect.matchers.nsubstitute.tests\bin\debug\net7.0\nexpect.matchers.nsubstitute.tests.dll" id="beec1d74-f0f4-499a-bf7d-ff2c7b25ad63">
      <Execution id="322b1738-8fc0-4ff0-8c2a-fb488fc69584" />
      <TestMethod codeBase="C:\Temp\__sandboxes__\386822c3-d6c3-48ae-b57e-e9e20211327d\src\NExpect.Matchers.NSubstitute.Tests\bin\Debug\net7.0\NExpect.Matchers.NSubstitute.Tests.dll" adapterTypeName="executor://nunit3testexecutor/" className="NExpect.Matchers.NSubstitute.Tests.TestCalledMatchers" name="ShouldPassWhenSubHasReceivedAnyCall" />
    </UnitTest>
    <UnitTest name="WhenHaveReceivedTooFew_ShouldThrow" storage="c:\temp\__sandboxes__\386822c3-d6c3-48ae-b57e-e9e20211327d\src\nexpect.matchers.nsubstitute.tests\bin\debug\net7.0\nexpect.matchers.nsubstitute.tests.dll" id="2d9af83e-a95f-fa28-1af3-3fa85f1d31ba">
      <Execution id="82ad8316-9b6e-4e30-9ed4-dfb991c490c5" />
      <TestMethod codeBase="C:\Temp\__sandboxes__\386822c3-d6c3-48ae-b57e-e9e20211327d\src\NExpect.Matchers.NSubstitute.Tests\bin\Debug\net7.0\NExpect.Matchers.NSubstitute.Tests.dll" adapterTypeName="executor://nunit3testexecutor/" className="NExpect.Matchers.NSubstitute.Tests.TestReceivedExtensions+WhenExpectingToReceive" name="WhenHaveReceivedTooFew_ShouldThrow" />
    </UnitTest>
    <UnitTest name="ShouldGiveUsefulErrorWhenNotWorkingWithASub" storage="c:\temp\__sandboxes__\386822c3-d6c3-48ae-b57e-e9e20211327d\src\nexpect.matchers.nsubstitute.tests\bin\debug\net7.0\nexpect.matchers.nsubstitute.tests.dll" id="80dd9cfa-d9fb-4d9c-7949-c260fbbbb504">
      <Execution id="fe91f536-0cf5-4d31-a015-2bc6ea25c538" />
      <TestMethod codeBase="C:\Temp\__sandboxes__\386822c3-d6c3-48ae-b57e-e9e20211327d\src\NExpect.Matchers.NSubstitute.Tests\bin\Debug\net7.0\NExpect.Matchers.NSubstitute.Tests.dll" adapterTypeName="executor://nunit3testexecutor/" className="NExpect.Matchers.NSubstitute.Tests.TestCalledMatchers" name="ShouldGiveUsefulErrorWhenNotWorkingWithASub" />
    </UnitTest>
    <UnitTest name="WhenHaveReceivedAny_ShouldNotThrow" storage="c:\temp\__sandboxes__\386822c3-d6c3-48ae-b57e-e9e20211327d\src\nexpect.matchers.nsubstitute.tests\bin\debug\net7.0\nexpect.matchers.nsubstitute.tests.dll" id="bf1ccb2e-fcfe-1d50-f0b1-deb67dbce257">
      <Execution id="d44af088-b590-4c5c-967d-7edefed1710a" />
      <TestMethod codeBase="C:\Temp\__sandboxes__\386822c3-d6c3-48ae-b57e-e9e20211327d\src\NExpect.Matchers.NSubstitute.Tests\bin\Debug\net7.0\NExpect.Matchers.NSubstitute.Tests.dll" adapterTypeName="executor://nunit3testexecutor/" className="NExpect.Matchers.NSubstitute.Tests.TestReceivedExtensions+WhenExpectingToReceive" name="WhenHaveReceivedAny_ShouldNotThrow" />
    </UnitTest>
    <UnitTest name="WhenHaveReceivedNoneAndExpectingAny_ShouldThrow" storage="c:\temp\__sandboxes__\386822c3-d6c3-48ae-b57e-e9e20211327d\src\nexpect.matchers.nsubstitute.tests\bin\debug\net7.0\nexpect.matchers.nsubstitute.tests.dll" id="b6f3cd5c-62be-f090-2789-1b10fef6efc1">
      <Execution id="9dc7b23f-a303-40f5-8e0f-593d99ca6bf6" />
      <TestMethod codeBase="C:\Temp\__sandboxes__\386822c3-d6c3-48ae-b57e-e9e20211327d\src\NExpect.Matchers.NSubstitute.Tests\bin\Debug\net7.0\NExpect.Matchers.NSubstitute.Tests.dll" adapterTypeName="executor://nunit3testexecutor/" className="NExpect.Matchers.NSubstitute.Tests.TestReceivedExtensions+WhenExpectingToReceive" name="WhenHaveReceivedNoneAndExpectingAny_ShouldThrow" />
    </UnitTest>
    <UnitTest name="WhenHaveReceivedTooMany_ShouldThrow" storage="c:\temp\__sandboxes__\386822c3-d6c3-48ae-b57e-e9e20211327d\src\nexpect.matchers.nsubstitute.tests\bin\debug\net7.0\nexpect.matchers.nsubstitute.tests.dll" id="8aff36db-771d-66e9-572a-76536598e31c">
      <Execution id="45124d99-4e84-4c1f-8a68-27764760ca75" />
      <TestMethod codeBase="C:\Temp\__sandboxes__\386822c3-d6c3-48ae-b57e-e9e20211327d\src\NExpect.Matchers.NSubstitute.Tests\bin\Debug\net7.0\NExpect.Matchers.NSubstitute.Tests.dll" adapterTypeName="executor://nunit3testexecutor/" className="NExpect.Matchers.NSubstitute.Tests.TestReceivedExtensions+WhenExpectingToReceive" name="WhenHaveReceivedTooMany_ShouldThrow" />
    </UnitTest>
    <UnitTest name="ShouldPassNegatedWhenSubHasReceivedNoCalls" storage="c:\temp\__sandboxes__\386822c3-d6c3-48ae-b57e-e9e20211327d\src\nexpect.matchers.nsubstitute.tests\bin\debug\net7.0\nexpect.matchers.nsubstitute.tests.dll" id="2ab46e3a-5b8c-3197-f5e9-09ed1879aa79">
      <Execution id="190212de-b4fe-4f57-b47f-08fe01563cf0" />
      <TestMethod codeBase="C:\Temp\__sandboxes__\386822c3-d6c3-48ae-b57e-e9e20211327d\src\NExpect.Matchers.NSubstitute.Tests\bin\Debug\net7.0\NExpect.Matchers.NSubstitute.Tests.dll" adapterTypeName="executor://nunit3testexecutor/" className="NExpect.Matchers.NSubstitute.Tests.TestCalledMatchers" name="ShouldPassNegatedWhenSubHasReceivedNoCalls" />
    </UnitTest>
    <UnitTest name="WhenReceivedSome_ShouldThrow" storage="c:\temp\__sandboxes__\386822c3-d6c3-48ae-b57e-e9e20211327d\src\nexpect.matchers.nsubstitute.tests\bin\debug\net7.0\nexpect.matchers.nsubstitute.tests.dll" id="226a2a8c-fc02-bab0-468c-225bd73e8efe">
      <Execution id="495664d4-ea84-4d6d-a0df-ffa1e2cc6f23" />
      <TestMethod codeBase="C:\Temp\__sandboxes__\386822c3-d6c3-48ae-b57e-e9e20211327d\src\NExpect.Matchers.NSubstitute.Tests\bin\Debug\net7.0\NExpect.Matchers.NSubstitute.Tests.dll" adapterTypeName="executor://nunit3testexecutor/" className="NExpect.Matchers.NSubstitute.Tests.TestReceivedExtensions+WhenNotExpectingToReceive" name="WhenReceivedSome_ShouldThrow" />
    </UnitTest>
  </TestDefinitions>
  <TestEntries>
    <TestEntry testId="9e048bb1-aec5-c94d-ef8b-c959b38f038c" executionId="5777cefb-22ce-4547-a382-ad7cbce250e8" testListId="8c84fa94-04c1-424b-9868-57a2d4851a1d" />
    <TestEntry testId="7d7c5c27-a246-52f5-c8f4-2c490c3f169d" executionId="9f929756-6698-48f1-9bda-5414515cad20" testListId="8c84fa94-04c1-424b-9868-57a2d4851a1d" />
    <TestEntry testId="07bffc59-74db-9f67-6b1f-79245c16b010" executionId="50a1f955-1842-4364-9c60-8451eb2d696b" testListId="8c84fa94-04c1-424b-9868-57a2d4851a1d" />
    <TestEntry testId="b6f3cd5c-62be-f090-2789-1b10fef6efc1" executionId="9dc7b23f-a303-40f5-8e0f-593d99ca6bf6" testListId="8c84fa94-04c1-424b-9868-57a2d4851a1d" />
    <TestEntry testId="2d9af83e-a95f-fa28-1af3-3fa85f1d31ba" executionId="82ad8316-9b6e-4e30-9ed4-dfb991c490c5" testListId="8c84fa94-04c1-424b-9868-57a2d4851a1d" />
    <TestEntry testId="2ab46e3a-5b8c-3197-f5e9-09ed1879aa79" executionId="190212de-b4fe-4f57-b47f-08fe01563cf0" testListId="8c84fa94-04c1-424b-9868-57a2d4851a1d" />
    <TestEntry testId="480ee193-e490-c5c4-5120-0ef5a9622656" executionId="6ca8a16c-f1e1-45cc-a18f-8639e5ebd98e" testListId="8c84fa94-04c1-424b-9868-57a2d4851a1d" />
    <TestEntry testId="bf1ccb2e-fcfe-1d50-f0b1-deb67dbce257" executionId="d44af088-b590-4c5c-967d-7edefed1710a" testListId="8c84fa94-04c1-424b-9868-57a2d4851a1d" />
    <TestEntry testId="8aff36db-771d-66e9-572a-76536598e31c" executionId="45124d99-4e84-4c1f-8a68-27764760ca75" testListId="8c84fa94-04c1-424b-9868-57a2d4851a1d" />
    <TestEntry testId="226a2a8c-fc02-bab0-468c-225bd73e8efe" executionId="495664d4-ea84-4d6d-a0df-ffa1e2cc6f23" testListId="8c84fa94-04c1-424b-9868-57a2d4851a1d" />
    <TestEntry testId="80dd9cfa-d9fb-4d9c-7949-c260fbbbb504" executionId="fe91f536-0cf5-4d31-a015-2bc6ea25c538" testListId="8c84fa94-04c1-424b-9868-57a2d4851a1d" />
    <TestEntry testId="02318e84-a774-3185-eadc-07007fc372a8" executionId="53c06037-4adb-4c95-b8b2-7d11171bb9b7" testListId="8c84fa94-04c1-424b-9868-57a2d4851a1d" />
    <TestEntry testId="39bcca84-78b5-a5f9-3687-3472d9e837e1" executionId="37f557b0-6571-46a7-8bbb-bfba2cec37f5" testListId="8c84fa94-04c1-424b-9868-57a2d4851a1d" />
    <TestEntry testId="beec1d74-f0f4-499a-bf7d-ff2c7b25ad63" executionId="322b1738-8fc0-4ff0-8c2a-fb488fc69584" testListId="8c84fa94-04c1-424b-9868-57a2d4851a1d" />
  </TestEntries>
  <TestLists>
    <TestList name="Results Not in a List" id="8c84fa94-04c1-424b-9868-57a2d4851a1d" />
    <TestList name="All Loaded Results" id="19431567-8539-422a-85d7-44ee4e166bda" />
  </TestLists>
  <ResultSummary outcome="Completed">
    <Counters total="14" executed="14" passed="14" failed="0" error="0" timeout="0" aborted="0" inconclusive="0" passedButRunAborted="0" notRunnable="0" notExecuted="0" disconnected="0" warning="0" completed="0" inProgress="0" pending="0" />
    <Output>
      <StdOut>NUnit Adapter 4.5.0.0: Test execution started&#xD;
Running all tests in C:\Temp\__sandboxes__\386822c3-d6c3-48ae-b57e-e9e20211327d\src\NExpect.Matchers.NSubstitute.Tests\bin\Debug\net7.0\NExpect.Matchers.NSubstitute.Tests.dll&#xD;
   NUnit3TestExecutor discovered 14 of 14 NUnit test cases using Current Discovery mode, Non-Explicit run&#xD;
NUnit Adapter 4.5.0.0: Test execution complete&#xD;
</StdOut>
    </Output>
  </ResultSummary>
</TestRun>