<?xml version="1.0" encoding="utf-8"?>
<TestRun id="d5b701ab-8a94-43a5-842b-47cbe88f9ab2" name="davyd.mcColl@CODEO-LT-45 2023-09-01 10:31:04" runUser="CLYRAL\davyd.mcColl" xmlns="http://microsoft.com/schemas/VisualStudio/TeamTest/2010">
  <Times creation="2023-09-01T10:31:04.0344518+02:00" queuing="2023-09-01T10:31:04.0344521+02:00" start="2023-09-01T10:31:03.3802588+02:00" finish="2023-09-01T10:31:04.0578375+02:00" />
  <TestSettings name="default" id="e63b4526-e651-45bf-80fa-92614c9f5b37">
    <Deployment runDeploymentRoot="davyd.mcColl_CODEO-LT-45_2023-09-01_10_31_04" />
  </TestSettings>
  <Results>
    <UnitTestResult executionId="597edbc2-0ea1-4113-80ae-2bcc95af500b" testId="2d9af83e-a95f-fa28-1af3-3fa85f1d31ba" testName="WhenHaveReceivedTooFew_ShouldThrow" computerName="CODEO-LT-45" duration="00:00:00.0045330" startTime="2023-09-01T10:31:03.9667350+02:00" endTime="2023-09-01T10:31:03.9712676+02:00" testType="13cdc9d9-ddb5-4fa4-a97d-d965ccfc6d4b" outcome="Passed" testListId="8c84fa94-04c1-424b-9868-57a2d4851a1d" relativeResultsDirectory="597edbc2-0ea1-4113-80ae-2bcc95af500b" />
    <UnitTestResult executionId="2bf29213-6965-470e-9893-76511546f466" testId="39bcca84-78b5-a5f9-3687-3472d9e837e1" testName="WhenReceivedNone_ShouldNotThrow" computerName="CODEO-LT-45" duration="00:00:00.0010180" startTime="2023-09-01T10:31:03.9739168+02:00" endTime="2023-09-01T10:31:03.9749344+02:00" testType="13cdc9d9-ddb5-4fa4-a97d-d965ccfc6d4b" outcome="Passed" testListId="8c84fa94-04c1-424b-9868-57a2d4851a1d" relativeResultsDirectory="2bf29213-6965-470e-9893-76511546f466" />
    <UnitTestResult executionId="e4356108-a21b-410d-ad30-b22fa4ab1b4c" testId="8aff36db-771d-66e9-572a-76536598e31c" testName="WhenHaveReceivedTooMany_ShouldThrow" computerName="CODEO-LT-45" duration="00:00:00.0012030" startTime="2023-09-01T10:31:03.9712942+02:00" endTime="2023-09-01T10:31:03.9724968+02:00" testType="13cdc9d9-ddb5-4fa4-a97d-d965ccfc6d4b" outcome="Passed" testListId="8c84fa94-04c1-424b-9868-57a2d4851a1d" relativeResultsDirectory="e4356108-a21b-410d-ad30-b22fa4ab1b4c" />
    <UnitTestResult executionId="e66ceece-10f9-428d-beec-989d39ce0c9a" testId="07bffc59-74db-9f67-6b1f-79245c16b010" testName="ShouldNotTriggerIncompleteAssertions" computerName="CODEO-LT-45" duration="00:00:00.0105000" startTime="2023-09-01T10:31:03.9474439+02:00" endTime="2023-09-01T10:31:03.9579436+02:00" testType="13cdc9d9-ddb5-4fa4-a97d-d965ccfc6d4b" outcome="Passed" testListId="8c84fa94-04c1-424b-9868-57a2d4851a1d" relativeResultsDirectory="e66ceece-10f9-428d-beec-989d39ce0c9a" />
    <UnitTestResult executionId="6c3be22a-12d7-4124-b654-46747635eddd" testId="02318e84-a774-3185-eadc-07007fc372a8" testName="ShouldFailWhenNegatedAndSubHasReceivedCall" computerName="CODEO-LT-45" duration="00:00:00.1082440" startTime="2023-09-01T10:31:03.8250609+02:00" endTime="2023-09-01T10:31:03.9331404+02:00" testType="13cdc9d9-ddb5-4fa4-a97d-d965ccfc6d4b" outcome="Passed" testListId="8c84fa94-04c1-424b-9868-57a2d4851a1d" relativeResultsDirectory="6c3be22a-12d7-4124-b654-46747635eddd" />
    <UnitTestResult executionId="fe27dac2-2778-49e2-af26-58e9cc33f553" testId="226a2a8c-fc02-bab0-468c-225bd73e8efe" testName="WhenReceivedSome_ShouldThrow" computerName="CODEO-LT-45" duration="00:00:00.0009960" startTime="2023-09-01T10:31:03.9749509+02:00" endTime="2023-09-01T10:31:03.9759464+02:00" testType="13cdc9d9-ddb5-4fa4-a97d-d965ccfc6d4b" outcome="Passed" testListId="8c84fa94-04c1-424b-9868-57a2d4851a1d" relativeResultsDirectory="fe27dac2-2778-49e2-af26-58e9cc33f553" />
    <UnitTestResult executionId="9d343c3f-72d2-4aaa-9b91-39761e90306e" testId="b6f3cd5c-62be-f090-2789-1b10fef6efc1" testName="WhenHaveReceivedNoneAndExpectingAny_ShouldThrow" computerName="CODEO-LT-45" duration="00:00:00.0028379" startTime="2023-09-01T10:31:03.9621176+02:00" endTime="2023-09-01T10:31:03.9649547+02:00" testType="13cdc9d9-ddb5-4fa4-a97d-d965ccfc6d4b" outcome="Passed" testListId="8c84fa94-04c1-424b-9868-57a2d4851a1d" relativeResultsDirectory="9d343c3f-72d2-4aaa-9b91-39761e90306e" />
    <UnitTestResult executionId="f2344614-2957-4ddf-904c-fe176712b39f" testId="bf1ccb2e-fcfe-1d50-f0b1-deb67dbce257" testName="WhenHaveReceivedAny_ShouldNotThrow" computerName="CODEO-LT-45" duration="00:00:00.0017040" startTime="2023-09-01T10:31:03.9603813+02:00" endTime="2023-09-01T10:31:03.9620853+02:00" testType="13cdc9d9-ddb5-4fa4-a97d-d965ccfc6d4b" outcome="Passed" testListId="8c84fa94-04c1-424b-9868-57a2d4851a1d" relativeResultsDirectory="f2344614-2957-4ddf-904c-fe176712b39f" />
    <UnitTestResult executionId="a852e3b7-ba0f-4fcb-9100-2f2051db9941" testId="480ee193-e490-c5c4-5120-0ef5a9622656" testName="WhenHaveReceivedTheCorrectAmount_ShouldNotThrow" computerName="CODEO-LT-45" duration="00:00:00.0017100" startTime="2023-09-01T10:31:03.9649875+02:00" endTime="2023-09-01T10:31:03.9666964+02:00" testType="13cdc9d9-ddb5-4fa4-a97d-d965ccfc6d4b" outcome="Passed" testListId="8c84fa94-04c1-424b-9868-57a2d4851a1d" relativeResultsDirectory="a852e3b7-ba0f-4fcb-9100-2f2051db9941" />
    <UnitTestResult executionId="a0dacb52-b639-4d0f-a2dd-397cb69004dd" testId="80dd9cfa-d9fb-4d9c-7949-c260fbbbb504" testName="ShouldGiveUsefulErrorWhenNotWorkingWithASub" computerName="CODEO-LT-45" duration="00:00:00.0034250" startTime="2023-09-01T10:31:03.9380782+02:00" endTime="2023-09-01T10:31:03.9415023+02:00" testType="13cdc9d9-ddb5-4fa4-a97d-d965ccfc6d4b" outcome="Passed" testListId="8c84fa94-04c1-424b-9868-57a2d4851a1d" relativeResultsDirectory="a0dacb52-b639-4d0f-a2dd-397cb69004dd" />
    <UnitTestResult executionId="98d4d9c8-3d80-48f9-ade0-7a60a6e5067c" testId="2ab46e3a-5b8c-3197-f5e9-09ed1879aa79" testName="ShouldPassNegatedWhenSubHasReceivedNoCalls" computerName="CODEO-LT-45" duration="00:00:00.0020750" startTime="2023-09-01T10:31:03.9415319+02:00" endTime="2023-09-01T10:31:03.9436064+02:00" testType="13cdc9d9-ddb5-4fa4-a97d-d965ccfc6d4b" outcome="Passed" testListId="8c84fa94-04c1-424b-9868-57a2d4851a1d" relativeResultsDirectory="98d4d9c8-3d80-48f9-ade0-7a60a6e5067c" />
    <UnitTestResult executionId="e661e943-762f-4832-a277-7f145e0c2ba7" testId="beec1d74-f0f4-499a-bf7d-ff2c7b25ad63" testName="ShouldPassWhenSubHasReceivedAnyCall" computerName="CODEO-LT-45" duration="00:00:00.0012860" startTime="2023-09-01T10:31:03.9436315+02:00" endTime="2023-09-01T10:31:03.9449177+02:00" testType="13cdc9d9-ddb5-4fa4-a97d-d965ccfc6d4b" outcome="Passed" testListId="8c84fa94-04c1-424b-9868-57a2d4851a1d" relativeResultsDirectory="e661e943-762f-4832-a277-7f145e0c2ba7" />
    <UnitTestResult executionId="e01d59c2-79a0-49b9-ac3c-43fedc1a905f" testId="7d7c5c27-a246-52f5-c8f4-2c490c3f169d" testName="ShouldNotAllowCallCountOnNegation" computerName="CODEO-LT-45" duration="00:00:00.0012489" startTime="2023-09-01T10:31:03.9726465+02:00" endTime="2023-09-01T10:31:03.9738953+02:00" testType="13cdc9d9-ddb5-4fa4-a97d-d965ccfc6d4b" outcome="Passed" testListId="8c84fa94-04c1-424b-9868-57a2d4851a1d" relativeResultsDirectory="e01d59c2-79a0-49b9-ac3c-43fedc1a905f" />
    <UnitTestResult executionId="75b64d1e-65b4-4a9d-b73c-537e61580bd6" testId="9e048bb1-aec5-c94d-ef8b-c959b38f038c" testName="ShouldFailWhenSubHasReceivedNoCalls" computerName="CODEO-LT-45" duration="00:00:00.0027590" startTime="2023-09-01T10:31:03.9352811+02:00" endTime="2023-09-01T10:31:03.9380402+02:00" testType="13cdc9d9-ddb5-4fa4-a97d-d965ccfc6d4b" outcome="Passed" testListId="8c84fa94-04c1-424b-9868-57a2d4851a1d" relativeResultsDirectory="75b64d1e-65b4-4a9d-b73c-537e61580bd6" />
  </Results>
  <TestDefinitions>
    <UnitTest name="ShouldFailWhenNegatedAndSubHasReceivedCall" storage="c:\temp\__sandboxes__\3c952faa-9c52-4ce1-9e42-d5ad92147f14\src\nexpect.matchers.nsubstitute.tests\bin\debug\net7.0\nexpect.matchers.nsubstitute.tests.dll" id="02318e84-a774-3185-eadc-07007fc372a8">
      <Execution id="6c3be22a-12d7-4124-b654-46747635eddd" />
      <TestMethod codeBase="C:\Temp\__sandboxes__\3c952faa-9c52-4ce1-9e42-d5ad92147f14\src\NExpect.Matchers.NSubstitute.Tests\bin\Debug\net7.0\NExpect.Matchers.NSubstitute.Tests.dll" adapterTypeName="executor://nunit3testexecutor/" className="NExpect.Matchers.NSubstitute.Tests.TestCalledMatchers" name="ShouldFailWhenNegatedAndSubHasReceivedCall" />
    </UnitTest>
    <UnitTest name="ShouldNotTriggerIncompleteAssertions" storage="c:\temp\__sandboxes__\3c952faa-9c52-4ce1-9e42-d5ad92147f14\src\nexpect.matchers.nsubstitute.tests\bin\debug\net7.0\nexpect.matchers.nsubstitute.tests.dll" id="07bffc59-74db-9f67-6b1f-79245c16b010">
      <Execution id="e66ceece-10f9-428d-beec-989d39ce0c9a" />
      <TestMethod codeBase="C:\Temp\__sandboxes__\3c952faa-9c52-4ce1-9e42-d5ad92147f14\src\NExpect.Matchers.NSubstitute.Tests\bin\Debug\net7.0\NExpect.Matchers.NSubstitute.Tests.dll" adapterTypeName="executor://nunit3testexecutor/" className="NExpect.Matchers.NSubstitute.Tests.TestReceivedExtensions" name="ShouldNotTriggerIncompleteAssertions" />
    </UnitTest>
    <UnitTest name="ShouldNotAllowCallCountOnNegation" storage="c:\temp\__sandboxes__\3c952faa-9c52-4ce1-9e42-d5ad92147f14\src\nexpect.matchers.nsubstitute.tests\bin\debug\net7.0\nexpect.matchers.nsubstitute.tests.dll" id="7d7c5c27-a246-52f5-c8f4-2c490c3f169d">
      <Execution id="e01d59c2-79a0-49b9-ac3c-43fedc1a905f" />
      <TestMethod codeBase="C:\Temp\__sandboxes__\3c952faa-9c52-4ce1-9e42-d5ad92147f14\src\NExpect.Matchers.NSubstitute.Tests\bin\Debug\net7.0\NExpect.Matchers.NSubstitute.Tests.dll" adapterTypeName="executor://nunit3testexecutor/" className="NExpect.Matchers.NSubstitute.Tests.TestReceivedExtensions+WhenNotExpectingToReceive" name="ShouldNotAllowCallCountOnNegation" />
    </UnitTest>
    <UnitTest name="WhenReceivedNone_ShouldNotThrow" storage="c:\temp\__sandboxes__\3c952faa-9c52-4ce1-9e42-d5ad92147f14\src\nexpect.matchers.nsubstitute.tests\bin\debug\net7.0\nexpect.matchers.nsubstitute.tests.dll" id="39bcca84-78b5-a5f9-3687-3472d9e837e1">
      <Execution id="2bf29213-6965-470e-9893-76511546f466" />
      <TestMethod codeBase="C:\Temp\__sandboxes__\3c952faa-9c52-4ce1-9e42-d5ad92147f14\src\NExpect.Matchers.NSubstitute.Tests\bin\Debug\net7.0\NExpect.Matchers.NSubstitute.Tests.dll" adapterTypeName="executor://nunit3testexecutor/" className="NExpect.Matchers.NSubstitute.Tests.TestReceivedExtensions+WhenNotExpectingToReceive" name="WhenReceivedNone_ShouldNotThrow" />
    </UnitTest>
    <UnitTest name="WhenHaveReceivedTheCorrectAmount_ShouldNotThrow" storage="c:\temp\__sandboxes__\3c952faa-9c52-4ce1-9e42-d5ad92147f14\src\nexpect.matchers.nsubstitute.tests\bin\debug\net7.0\nexpect.matchers.nsubstitute.tests.dll" id="480ee193-e490-c5c4-5120-0ef5a9622656">
      <Execution id="a852e3b7-ba0f-4fcb-9100-2f2051db9941" />
      <TestMethod codeBase="C:\Temp\__sandboxes__\3c952faa-9c52-4ce1-9e42-d5ad92147f14\src\NExpect.Matchers.NSubstitute.Tests\bin\Debug\net7.0\NExpect.Matchers.NSubstitute.Tests.dll" adapterTypeName="executor://nunit3testexecutor/" className="NExpect.Matchers.NSubstitute.Tests.TestReceivedExtensions+WhenExpectingToReceive" name="WhenHaveReceivedTheCorrectAmount_ShouldNotThrow" />
    </UnitTest>
    <UnitTest name="ShouldFailWhenSubHasReceivedNoCalls" storage="c:\temp\__sandboxes__\3c952faa-9c52-4ce1-9e42-d5ad92147f14\src\nexpect.matchers.nsubstitute.tests\bin\debug\net7.0\nexpect.matchers.nsubstitute.tests.dll" id="9e048bb1-aec5-c94d-ef8b-c959b38f038c">
      <Execution id="75b64d1e-65b4-4a9d-b73c-537e61580bd6" />
      <TestMethod codeBase="C:\Temp\__sandboxes__\3c952faa-9c52-4ce1-9e42-d5ad92147f14\src\NExpect.Matchers.NSubstitute.Tests\bin\Debug\net7.0\NExpect.Matchers.NSubstitute.Tests.dll" adapterTypeName="executor://nunit3testexecutor/" className="NExpect.Matchers.NSubstitute.Tests.TestCalledMatchers" name="ShouldFailWhenSubHasReceivedNoCalls" />
    </UnitTest>
    <UnitTest name="ShouldPassWhenSubHasReceivedAnyCall" storage="c:\temp\__sandboxes__\3c952faa-9c52-4ce1-9e42-d5ad92147f14\src\nexpect.matchers.nsubstitute.tests\bin\debug\net7.0\nexpect.matchers.nsubstitute.tests.dll" id="beec1d74-f0f4-499a-bf7d-ff2c7b25ad63">
      <Execution id="e661e943-762f-4832-a277-7f145e0c2ba7" />
      <TestMethod codeBase="C:\Temp\__sandboxes__\3c952faa-9c52-4ce1-9e42-d5ad92147f14\src\NExpect.Matchers.NSubstitute.Tests\bin\Debug\net7.0\NExpect.Matchers.NSubstitute.Tests.dll" adapterTypeName="executor://nunit3testexecutor/" className="NExpect.Matchers.NSubstitute.Tests.TestCalledMatchers" name="ShouldPassWhenSubHasReceivedAnyCall" />
    </UnitTest>
    <UnitTest name="WhenHaveReceivedTooFew_ShouldThrow" storage="c:\temp\__sandboxes__\3c952faa-9c52-4ce1-9e42-d5ad92147f14\src\nexpect.matchers.nsubstitute.tests\bin\debug\net7.0\nexpect.matchers.nsubstitute.tests.dll" id="2d9af83e-a95f-fa28-1af3-3fa85f1d31ba">
      <Execution id="597edbc2-0ea1-4113-80ae-2bcc95af500b" />
      <TestMethod codeBase="C:\Temp\__sandboxes__\3c952faa-9c52-4ce1-9e42-d5ad92147f14\src\NExpect.Matchers.NSubstitute.Tests\bin\Debug\net7.0\NExpect.Matchers.NSubstitute.Tests.dll" adapterTypeName="executor://nunit3testexecutor/" className="NExpect.Matchers.NSubstitute.Tests.TestReceivedExtensions+WhenExpectingToReceive" name="WhenHaveReceivedTooFew_ShouldThrow" />
    </UnitTest>
    <UnitTest name="ShouldGiveUsefulErrorWhenNotWorkingWithASub" storage="c:\temp\__sandboxes__\3c952faa-9c52-4ce1-9e42-d5ad92147f14\src\nexpect.matchers.nsubstitute.tests\bin\debug\net7.0\nexpect.matchers.nsubstitute.tests.dll" id="80dd9cfa-d9fb-4d9c-7949-c260fbbbb504">
      <Execution id="a0dacb52-b639-4d0f-a2dd-397cb69004dd" />
      <TestMethod codeBase="C:\Temp\__sandboxes__\3c952faa-9c52-4ce1-9e42-d5ad92147f14\src\NExpect.Matchers.NSubstitute.Tests\bin\Debug\net7.0\NExpect.Matchers.NSubstitute.Tests.dll" adapterTypeName="executor://nunit3testexecutor/" className="NExpect.Matchers.NSubstitute.Tests.TestCalledMatchers" name="ShouldGiveUsefulErrorWhenNotWorkingWithASub" />
    </UnitTest>
    <UnitTest name="WhenHaveReceivedAny_ShouldNotThrow" storage="c:\temp\__sandboxes__\3c952faa-9c52-4ce1-9e42-d5ad92147f14\src\nexpect.matchers.nsubstitute.tests\bin\debug\net7.0\nexpect.matchers.nsubstitute.tests.dll" id="bf1ccb2e-fcfe-1d50-f0b1-deb67dbce257">
      <Execution id="f2344614-2957-4ddf-904c-fe176712b39f" />
      <TestMethod codeBase="C:\Temp\__sandboxes__\3c952faa-9c52-4ce1-9e42-d5ad92147f14\src\NExpect.Matchers.NSubstitute.Tests\bin\Debug\net7.0\NExpect.Matchers.NSubstitute.Tests.dll" adapterTypeName="executor://nunit3testexecutor/" className="NExpect.Matchers.NSubstitute.Tests.TestReceivedExtensions+WhenExpectingToReceive" name="WhenHaveReceivedAny_ShouldNotThrow" />
    </UnitTest>
    <UnitTest name="WhenHaveReceivedNoneAndExpectingAny_ShouldThrow" storage="c:\temp\__sandboxes__\3c952faa-9c52-4ce1-9e42-d5ad92147f14\src\nexpect.matchers.nsubstitute.tests\bin\debug\net7.0\nexpect.matchers.nsubstitute.tests.dll" id="b6f3cd5c-62be-f090-2789-1b10fef6efc1">
      <Execution id="9d343c3f-72d2-4aaa-9b91-39761e90306e" />
      <TestMethod codeBase="C:\Temp\__sandboxes__\3c952faa-9c52-4ce1-9e42-d5ad92147f14\src\NExpect.Matchers.NSubstitute.Tests\bin\Debug\net7.0\NExpect.Matchers.NSubstitute.Tests.dll" adapterTypeName="executor://nunit3testexecutor/" className="NExpect.Matchers.NSubstitute.Tests.TestReceivedExtensions+WhenExpectingToReceive" name="WhenHaveReceivedNoneAndExpectingAny_ShouldThrow" />
    </UnitTest>
    <UnitTest name="WhenHaveReceivedTooMany_ShouldThrow" storage="c:\temp\__sandboxes__\3c952faa-9c52-4ce1-9e42-d5ad92147f14\src\nexpect.matchers.nsubstitute.tests\bin\debug\net7.0\nexpect.matchers.nsubstitute.tests.dll" id="8aff36db-771d-66e9-572a-76536598e31c">
      <Execution id="e4356108-a21b-410d-ad30-b22fa4ab1b4c" />
      <TestMethod codeBase="C:\Temp\__sandboxes__\3c952faa-9c52-4ce1-9e42-d5ad92147f14\src\NExpect.Matchers.NSubstitute.Tests\bin\Debug\net7.0\NExpect.Matchers.NSubstitute.Tests.dll" adapterTypeName="executor://nunit3testexecutor/" className="NExpect.Matchers.NSubstitute.Tests.TestReceivedExtensions+WhenExpectingToReceive" name="WhenHaveReceivedTooMany_ShouldThrow" />
    </UnitTest>
    <UnitTest name="ShouldPassNegatedWhenSubHasReceivedNoCalls" storage="c:\temp\__sandboxes__\3c952faa-9c52-4ce1-9e42-d5ad92147f14\src\nexpect.matchers.nsubstitute.tests\bin\debug\net7.0\nexpect.matchers.nsubstitute.tests.dll" id="2ab46e3a-5b8c-3197-f5e9-09ed1879aa79">
      <Execution id="98d4d9c8-3d80-48f9-ade0-7a60a6e5067c" />
      <TestMethod codeBase="C:\Temp\__sandboxes__\3c952faa-9c52-4ce1-9e42-d5ad92147f14\src\NExpect.Matchers.NSubstitute.Tests\bin\Debug\net7.0\NExpect.Matchers.NSubstitute.Tests.dll" adapterTypeName="executor://nunit3testexecutor/" className="NExpect.Matchers.NSubstitute.Tests.TestCalledMatchers" name="ShouldPassNegatedWhenSubHasReceivedNoCalls" />
    </UnitTest>
    <UnitTest name="WhenReceivedSome_ShouldThrow" storage="c:\temp\__sandboxes__\3c952faa-9c52-4ce1-9e42-d5ad92147f14\src\nexpect.matchers.nsubstitute.tests\bin\debug\net7.0\nexpect.matchers.nsubstitute.tests.dll" id="226a2a8c-fc02-bab0-468c-225bd73e8efe">
      <Execution id="fe27dac2-2778-49e2-af26-58e9cc33f553" />
      <TestMethod codeBase="C:\Temp\__sandboxes__\3c952faa-9c52-4ce1-9e42-d5ad92147f14\src\NExpect.Matchers.NSubstitute.Tests\bin\Debug\net7.0\NExpect.Matchers.NSubstitute.Tests.dll" adapterTypeName="executor://nunit3testexecutor/" className="NExpect.Matchers.NSubstitute.Tests.TestReceivedExtensions+WhenNotExpectingToReceive" name="WhenReceivedSome_ShouldThrow" />
    </UnitTest>
  </TestDefinitions>
  <TestEntries>
    <TestEntry testId="2d9af83e-a95f-fa28-1af3-3fa85f1d31ba" executionId="597edbc2-0ea1-4113-80ae-2bcc95af500b" testListId="8c84fa94-04c1-424b-9868-57a2d4851a1d" />
    <TestEntry testId="39bcca84-78b5-a5f9-3687-3472d9e837e1" executionId="2bf29213-6965-470e-9893-76511546f466" testListId="8c84fa94-04c1-424b-9868-57a2d4851a1d" />
    <TestEntry testId="8aff36db-771d-66e9-572a-76536598e31c" executionId="e4356108-a21b-410d-ad30-b22fa4ab1b4c" testListId="8c84fa94-04c1-424b-9868-57a2d4851a1d" />
    <TestEntry testId="07bffc59-74db-9f67-6b1f-79245c16b010" executionId="e66ceece-10f9-428d-beec-989d39ce0c9a" testListId="8c84fa94-04c1-424b-9868-57a2d4851a1d" />
    <TestEntry testId="02318e84-a774-3185-eadc-07007fc372a8" executionId="6c3be22a-12d7-4124-b654-46747635eddd" testListId="8c84fa94-04c1-424b-9868-57a2d4851a1d" />
    <TestEntry testId="226a2a8c-fc02-bab0-468c-225bd73e8efe" executionId="fe27dac2-2778-49e2-af26-58e9cc33f553" testListId="8c84fa94-04c1-424b-9868-57a2d4851a1d" />
    <TestEntry testId="b6f3cd5c-62be-f090-2789-1b10fef6efc1" executionId="9d343c3f-72d2-4aaa-9b91-39761e90306e" testListId="8c84fa94-04c1-424b-9868-57a2d4851a1d" />
    <TestEntry testId="bf1ccb2e-fcfe-1d50-f0b1-deb67dbce257" executionId="f2344614-2957-4ddf-904c-fe176712b39f" testListId="8c84fa94-04c1-424b-9868-57a2d4851a1d" />
    <TestEntry testId="480ee193-e490-c5c4-5120-0ef5a9622656" executionId="a852e3b7-ba0f-4fcb-9100-2f2051db9941" testListId="8c84fa94-04c1-424b-9868-57a2d4851a1d" />
    <TestEntry testId="80dd9cfa-d9fb-4d9c-7949-c260fbbbb504" executionId="a0dacb52-b639-4d0f-a2dd-397cb69004dd" testListId="8c84fa94-04c1-424b-9868-57a2d4851a1d" />
    <TestEntry testId="2ab46e3a-5b8c-3197-f5e9-09ed1879aa79" executionId="98d4d9c8-3d80-48f9-ade0-7a60a6e5067c" testListId="8c84fa94-04c1-424b-9868-57a2d4851a1d" />
    <TestEntry testId="beec1d74-f0f4-499a-bf7d-ff2c7b25ad63" executionId="e661e943-762f-4832-a277-7f145e0c2ba7" testListId="8c84fa94-04c1-424b-9868-57a2d4851a1d" />
    <TestEntry testId="7d7c5c27-a246-52f5-c8f4-2c490c3f169d" executionId="e01d59c2-79a0-49b9-ac3c-43fedc1a905f" testListId="8c84fa94-04c1-424b-9868-57a2d4851a1d" />
    <TestEntry testId="9e048bb1-aec5-c94d-ef8b-c959b38f038c" executionId="75b64d1e-65b4-4a9d-b73c-537e61580bd6" testListId="8c84fa94-04c1-424b-9868-57a2d4851a1d" />
  </TestEntries>
  <TestLists>
    <TestList name="Results Not in a List" id="8c84fa94-04c1-424b-9868-57a2d4851a1d" />
    <TestList name="All Loaded Results" id="19431567-8539-422a-85d7-44ee4e166bda" />
  </TestLists>
  <ResultSummary outcome="Completed">
    <Counters total="14" executed="14" passed="14" failed="0" error="0" timeout="0" aborted="0" inconclusive="0" passedButRunAborted="0" notRunnable="0" notExecuted="0" disconnected="0" warning="0" completed="0" inProgress="0" pending="0" />
    <Output>
      <StdOut>NUnit Adapter 4.5.0.0: Test execution started&#xD;
Running all tests in C:\Temp\__sandboxes__\3c952faa-9c52-4ce1-9e42-d5ad92147f14\src\NExpect.Matchers.NSubstitute.Tests\bin\Debug\net7.0\NExpect.Matchers.NSubstitute.Tests.dll&#xD;
   NUnit3TestExecutor discovered 14 of 14 NUnit test cases using Current Discovery mode, Non-Explicit run&#xD;
NUnit Adapter 4.5.0.0: Test execution complete&#xD;
</StdOut>
    </Output>
  </ResultSummary>
</TestRun>