<?xml version="1.0" encoding="utf-8"?>
<TestRun id="fe1883c9-079e-4b95-9ac7-283a5cfa51d9" name="davyd.mcColl@CODEO-LT-45 2023-09-01 10:03:22" runUser="CLYRAL\davyd.mcColl" xmlns="http://microsoft.com/schemas/VisualStudio/TeamTest/2010">
  <Times creation="2023-09-01T10:03:22.4130930+02:00" queuing="2023-09-01T10:03:22.4130931+02:00" start="2023-09-01T10:03:21.7703359+02:00" finish="2023-09-01T10:03:22.4324795+02:00" />
  <TestSettings name="default" id="b4b3d41f-ad65-4278-8a0a-f3e13d1bbaef">
    <Deployment runDeploymentRoot="davyd.mcColl_CODEO-LT-45_2023-09-01_10_03_22" />
  </TestSettings>
  <Results>
    <UnitTestResult executionId="a4460c39-a043-4ef8-b08a-876b2acf361e" testId="07bffc59-74db-9f67-6b1f-79245c16b010" testName="ShouldNotTriggerIncompleteAssertions" computerName="CODEO-LT-45" duration="00:00:00.0060310" startTime="2023-09-01T10:03:22.3426982+02:00" endTime="2023-09-01T10:03:22.3487292+02:00" testType="13cdc9d9-ddb5-4fa4-a97d-d965ccfc6d4b" outcome="Passed" testListId="8c84fa94-04c1-424b-9868-57a2d4851a1d" relativeResultsDirectory="a4460c39-a043-4ef8-b08a-876b2acf361e" />
    <UnitTestResult executionId="80268a91-1238-473d-a1d2-9977c68bc71e" testId="480ee193-e490-c5c4-5120-0ef5a9622656" testName="WhenHaveReceivedTheCorrectAmount_ShouldNotThrow" computerName="CODEO-LT-45" duration="00:00:00.0009320" startTime="2023-09-01T10:03:22.3540900+02:00" endTime="2023-09-01T10:03:22.3550220+02:00" testType="13cdc9d9-ddb5-4fa4-a97d-d965ccfc6d4b" outcome="Passed" testListId="8c84fa94-04c1-424b-9868-57a2d4851a1d" relativeResultsDirectory="80268a91-1238-473d-a1d2-9977c68bc71e" />
    <UnitTestResult executionId="c84eaefc-5949-4688-b5a9-4101de75b62f" testId="9e048bb1-aec5-c94d-ef8b-c959b38f038c" testName="ShouldFailWhenSubHasReceivedNoCalls" computerName="CODEO-LT-45" duration="00:00:00.0027399" startTime="2023-09-01T10:03:22.3323242+02:00" endTime="2023-09-01T10:03:22.3350637+02:00" testType="13cdc9d9-ddb5-4fa4-a97d-d965ccfc6d4b" outcome="Passed" testListId="8c84fa94-04c1-424b-9868-57a2d4851a1d" relativeResultsDirectory="c84eaefc-5949-4688-b5a9-4101de75b62f" />
    <UnitTestResult executionId="3aefde9f-56cd-48a2-84e0-d606e68fa99d" testId="beec1d74-f0f4-499a-bf7d-ff2c7b25ad63" testName="ShouldPassWhenSubHasReceivedAnyCall" computerName="CODEO-LT-45" duration="00:00:00.0013710" startTime="2023-09-01T10:03:22.3394199+02:00" endTime="2023-09-01T10:03:22.3407910+02:00" testType="13cdc9d9-ddb5-4fa4-a97d-d965ccfc6d4b" outcome="Passed" testListId="8c84fa94-04c1-424b-9868-57a2d4851a1d" relativeResultsDirectory="3aefde9f-56cd-48a2-84e0-d606e68fa99d" />
    <UnitTestResult executionId="310bc560-d368-47cf-a69f-5475074836fb" testId="2d9af83e-a95f-fa28-1af3-3fa85f1d31ba" testName="WhenHaveReceivedTooFew_ShouldThrow" computerName="CODEO-LT-45" duration="00:00:00.0022310" startTime="2023-09-01T10:03:22.3550431+02:00" endTime="2023-09-01T10:03:22.3572739+02:00" testType="13cdc9d9-ddb5-4fa4-a97d-d965ccfc6d4b" outcome="Passed" testListId="8c84fa94-04c1-424b-9868-57a2d4851a1d" relativeResultsDirectory="310bc560-d368-47cf-a69f-5475074836fb" />
    <UnitTestResult executionId="44d754e6-9077-4d0f-81ba-0cba4c317919" testId="7d7c5c27-a246-52f5-c8f4-2c490c3f169d" testName="ShouldNotAllowCallCountOnNegation" computerName="CODEO-LT-45" duration="00:00:00.0006810" startTime="2023-09-01T10:03:22.3579375+02:00" endTime="2023-09-01T10:03:22.3586182+02:00" testType="13cdc9d9-ddb5-4fa4-a97d-d965ccfc6d4b" outcome="Passed" testListId="8c84fa94-04c1-424b-9868-57a2d4851a1d" relativeResultsDirectory="44d754e6-9077-4d0f-81ba-0cba4c317919" />
    <UnitTestResult executionId="207e7c47-433b-4e5e-b604-b58757fc507b" testId="b6f3cd5c-62be-f090-2789-1b10fef6efc1" testName="WhenHaveReceivedNoneAndExpectingAny_ShouldThrow" computerName="CODEO-LT-45" duration="00:00:00.0018380" startTime="2023-09-01T10:03:22.3522335+02:00" endTime="2023-09-01T10:03:22.3540716+02:00" testType="13cdc9d9-ddb5-4fa4-a97d-d965ccfc6d4b" outcome="Passed" testListId="8c84fa94-04c1-424b-9868-57a2d4851a1d" relativeResultsDirectory="207e7c47-433b-4e5e-b604-b58757fc507b" />
    <UnitTestResult executionId="30065d1e-3ec3-4539-8537-c2e333782d29" testId="80dd9cfa-d9fb-4d9c-7949-c260fbbbb504" testName="ShouldGiveUsefulErrorWhenNotWorkingWithASub" computerName="CODEO-LT-45" duration="00:00:00.0028680" startTime="2023-09-01T10:03:22.3350994+02:00" endTime="2023-09-01T10:03:22.3379674+02:00" testType="13cdc9d9-ddb5-4fa4-a97d-d965ccfc6d4b" outcome="Passed" testListId="8c84fa94-04c1-424b-9868-57a2d4851a1d" relativeResultsDirectory="30065d1e-3ec3-4539-8537-c2e333782d29" />
    <UnitTestResult executionId="d688a112-ccf9-4eb2-9d9c-bd09661da1c3" testId="02318e84-a774-3185-eadc-07007fc372a8" testName="ShouldFailWhenNegatedAndSubHasReceivedCall" computerName="CODEO-LT-45" duration="00:00:00.1177560" startTime="2023-09-01T10:03:22.2131890+02:00" endTime="2023-09-01T10:03:22.3309043+02:00" testType="13cdc9d9-ddb5-4fa4-a97d-d965ccfc6d4b" outcome="Passed" testListId="8c84fa94-04c1-424b-9868-57a2d4851a1d" relativeResultsDirectory="d688a112-ccf9-4eb2-9d9c-bd09661da1c3" />
    <UnitTestResult executionId="2be54fd2-6a56-4bf1-b83e-ac55ea34b031" testId="2ab46e3a-5b8c-3197-f5e9-09ed1879aa79" testName="ShouldPassNegatedWhenSubHasReceivedNoCalls" computerName="CODEO-LT-45" duration="00:00:00.0014260" startTime="2023-09-01T10:03:22.3379833+02:00" endTime="2023-09-01T10:03:22.3394089+02:00" testType="13cdc9d9-ddb5-4fa4-a97d-d965ccfc6d4b" outcome="Passed" testListId="8c84fa94-04c1-424b-9868-57a2d4851a1d" relativeResultsDirectory="2be54fd2-6a56-4bf1-b83e-ac55ea34b031" />
    <UnitTestResult executionId="bc772d0a-a664-4929-9a7a-c485585296d6" testId="bf1ccb2e-fcfe-1d50-f0b1-deb67dbce257" testName="WhenHaveReceivedAny_ShouldNotThrow" computerName="CODEO-LT-45" duration="00:00:00.0011540" startTime="2023-09-01T10:03:22.3510604+02:00" endTime="2023-09-01T10:03:22.3522141+02:00" testType="13cdc9d9-ddb5-4fa4-a97d-d965ccfc6d4b" outcome="Passed" testListId="8c84fa94-04c1-424b-9868-57a2d4851a1d" relativeResultsDirectory="bc772d0a-a664-4929-9a7a-c485585296d6" />
    <UnitTestResult executionId="cf8fcc54-e010-4567-9d47-6ec5ee6fd6d2" testId="39bcca84-78b5-a5f9-3687-3472d9e837e1" testName="WhenReceivedNone_ShouldNotThrow" computerName="CODEO-LT-45" duration="00:00:00.0006470" startTime="2023-09-01T10:03:22.3586276+02:00" endTime="2023-09-01T10:03:22.3592742+02:00" testType="13cdc9d9-ddb5-4fa4-a97d-d965ccfc6d4b" outcome="Passed" testListId="8c84fa94-04c1-424b-9868-57a2d4851a1d" relativeResultsDirectory="cf8fcc54-e010-4567-9d47-6ec5ee6fd6d2" />
    <UnitTestResult executionId="133fbb15-740f-4b6f-9056-af2fcae55add" testId="226a2a8c-fc02-bab0-468c-225bd73e8efe" testName="WhenReceivedSome_ShouldThrow" computerName="CODEO-LT-45" duration="00:00:00.0005050" startTime="2023-09-01T10:03:22.3592837+02:00" endTime="2023-09-01T10:03:22.3597887+02:00" testType="13cdc9d9-ddb5-4fa4-a97d-d965ccfc6d4b" outcome="Passed" testListId="8c84fa94-04c1-424b-9868-57a2d4851a1d" relativeResultsDirectory="133fbb15-740f-4b6f-9056-af2fcae55add" />
    <UnitTestResult executionId="57b6e2e2-a27d-41d7-835e-317540b29bc0" testId="8aff36db-771d-66e9-572a-76536598e31c" testName="WhenHaveReceivedTooMany_ShouldThrow" computerName="CODEO-LT-45" duration="00:00:00.0005590" startTime="2023-09-01T10:03:22.3572844+02:00" endTime="2023-09-01T10:03:22.3578429+02:00" testType="13cdc9d9-ddb5-4fa4-a97d-d965ccfc6d4b" outcome="Passed" testListId="8c84fa94-04c1-424b-9868-57a2d4851a1d" relativeResultsDirectory="57b6e2e2-a27d-41d7-835e-317540b29bc0" />
  </Results>
  <TestDefinitions>
    <UnitTest name="ShouldFailWhenNegatedAndSubHasReceivedCall" storage="c:\code\opensource\nexpect\src\nexpect.matchers.nsubstitute.tests\bin\debug\net7.0\nexpect.matchers.nsubstitute.tests.dll" id="02318e84-a774-3185-eadc-07007fc372a8">
      <Execution id="d688a112-ccf9-4eb2-9d9c-bd09661da1c3" />
      <TestMethod codeBase="C:\code\opensource\NExpect\src\NExpect.Matchers.NSubstitute.Tests\bin\Debug\net7.0\NExpect.Matchers.NSubstitute.Tests.dll" adapterTypeName="executor://nunit3testexecutor/" className="NExpect.Matchers.NSubstitute.Tests.TestCalledMatchers" name="ShouldFailWhenNegatedAndSubHasReceivedCall" />
    </UnitTest>
    <UnitTest name="ShouldNotTriggerIncompleteAssertions" storage="c:\code\opensource\nexpect\src\nexpect.matchers.nsubstitute.tests\bin\debug\net7.0\nexpect.matchers.nsubstitute.tests.dll" id="07bffc59-74db-9f67-6b1f-79245c16b010">
      <Execution id="a4460c39-a043-4ef8-b08a-876b2acf361e" />
      <TestMethod codeBase="C:\code\opensource\NExpect\src\NExpect.Matchers.NSubstitute.Tests\bin\Debug\net7.0\NExpect.Matchers.NSubstitute.Tests.dll" adapterTypeName="executor://nunit3testexecutor/" className="NExpect.Matchers.NSubstitute.Tests.TestReceivedExtensions" name="ShouldNotTriggerIncompleteAssertions" />
    </UnitTest>
    <UnitTest name="ShouldNotAllowCallCountOnNegation" storage="c:\code\opensource\nexpect\src\nexpect.matchers.nsubstitute.tests\bin\debug\net7.0\nexpect.matchers.nsubstitute.tests.dll" id="7d7c5c27-a246-52f5-c8f4-2c490c3f169d">
      <Execution id="44d754e6-9077-4d0f-81ba-0cba4c317919" />
      <TestMethod codeBase="C:\code\opensource\NExpect\src\NExpect.Matchers.NSubstitute.Tests\bin\Debug\net7.0\NExpect.Matchers.NSubstitute.Tests.dll" adapterTypeName="executor://nunit3testexecutor/" className="NExpect.Matchers.NSubstitute.Tests.TestReceivedExtensions+WhenNotExpectingToReceive" name="ShouldNotAllowCallCountOnNegation" />
    </UnitTest>
    <UnitTest name="WhenReceivedNone_ShouldNotThrow" storage="c:\code\opensource\nexpect\src\nexpect.matchers.nsubstitute.tests\bin\debug\net7.0\nexpect.matchers.nsubstitute.tests.dll" id="39bcca84-78b5-a5f9-3687-3472d9e837e1">
      <Execution id="cf8fcc54-e010-4567-9d47-6ec5ee6fd6d2" />
      <TestMethod codeBase="C:\code\opensource\NExpect\src\NExpect.Matchers.NSubstitute.Tests\bin\Debug\net7.0\NExpect.Matchers.NSubstitute.Tests.dll" adapterTypeName="executor://nunit3testexecutor/" className="NExpect.Matchers.NSubstitute.Tests.TestReceivedExtensions+WhenNotExpectingToReceive" name="WhenReceivedNone_ShouldNotThrow" />
    </UnitTest>
    <UnitTest name="WhenHaveReceivedTheCorrectAmount_ShouldNotThrow" storage="c:\code\opensource\nexpect\src\nexpect.matchers.nsubstitute.tests\bin\debug\net7.0\nexpect.matchers.nsubstitute.tests.dll" id="480ee193-e490-c5c4-5120-0ef5a9622656">
      <Execution id="80268a91-1238-473d-a1d2-9977c68bc71e" />
      <TestMethod codeBase="C:\code\opensource\NExpect\src\NExpect.Matchers.NSubstitute.Tests\bin\Debug\net7.0\NExpect.Matchers.NSubstitute.Tests.dll" adapterTypeName="executor://nunit3testexecutor/" className="NExpect.Matchers.NSubstitute.Tests.TestReceivedExtensions+WhenExpectingToReceive" name="WhenHaveReceivedTheCorrectAmount_ShouldNotThrow" />
    </UnitTest>
    <UnitTest name="ShouldFailWhenSubHasReceivedNoCalls" storage="c:\code\opensource\nexpect\src\nexpect.matchers.nsubstitute.tests\bin\debug\net7.0\nexpect.matchers.nsubstitute.tests.dll" id="9e048bb1-aec5-c94d-ef8b-c959b38f038c">
      <Execution id="c84eaefc-5949-4688-b5a9-4101de75b62f" />
      <TestMethod codeBase="C:\code\opensource\NExpect\src\NExpect.Matchers.NSubstitute.Tests\bin\Debug\net7.0\NExpect.Matchers.NSubstitute.Tests.dll" adapterTypeName="executor://nunit3testexecutor/" className="NExpect.Matchers.NSubstitute.Tests.TestCalledMatchers" name="ShouldFailWhenSubHasReceivedNoCalls" />
    </UnitTest>
    <UnitTest name="ShouldPassWhenSubHasReceivedAnyCall" storage="c:\code\opensource\nexpect\src\nexpect.matchers.nsubstitute.tests\bin\debug\net7.0\nexpect.matchers.nsubstitute.tests.dll" id="beec1d74-f0f4-499a-bf7d-ff2c7b25ad63">
      <Execution id="3aefde9f-56cd-48a2-84e0-d606e68fa99d" />
      <TestMethod codeBase="C:\code\opensource\NExpect\src\NExpect.Matchers.NSubstitute.Tests\bin\Debug\net7.0\NExpect.Matchers.NSubstitute.Tests.dll" adapterTypeName="executor://nunit3testexecutor/" className="NExpect.Matchers.NSubstitute.Tests.TestCalledMatchers" name="ShouldPassWhenSubHasReceivedAnyCall" />
    </UnitTest>
    <UnitTest name="WhenHaveReceivedTooFew_ShouldThrow" storage="c:\code\opensource\nexpect\src\nexpect.matchers.nsubstitute.tests\bin\debug\net7.0\nexpect.matchers.nsubstitute.tests.dll" id="2d9af83e-a95f-fa28-1af3-3fa85f1d31ba">
      <Execution id="310bc560-d368-47cf-a69f-5475074836fb" />
      <TestMethod codeBase="C:\code\opensource\NExpect\src\NExpect.Matchers.NSubstitute.Tests\bin\Debug\net7.0\NExpect.Matchers.NSubstitute.Tests.dll" adapterTypeName="executor://nunit3testexecutor/" className="NExpect.Matchers.NSubstitute.Tests.TestReceivedExtensions+WhenExpectingToReceive" name="WhenHaveReceivedTooFew_ShouldThrow" />
    </UnitTest>
    <UnitTest name="ShouldGiveUsefulErrorWhenNotWorkingWithASub" storage="c:\code\opensource\nexpect\src\nexpect.matchers.nsubstitute.tests\bin\debug\net7.0\nexpect.matchers.nsubstitute.tests.dll" id="80dd9cfa-d9fb-4d9c-7949-c260fbbbb504">
      <Execution id="30065d1e-3ec3-4539-8537-c2e333782d29" />
      <TestMethod codeBase="C:\code\opensource\NExpect\src\NExpect.Matchers.NSubstitute.Tests\bin\Debug\net7.0\NExpect.Matchers.NSubstitute.Tests.dll" adapterTypeName="executor://nunit3testexecutor/" className="NExpect.Matchers.NSubstitute.Tests.TestCalledMatchers" name="ShouldGiveUsefulErrorWhenNotWorkingWithASub" />
    </UnitTest>
    <UnitTest name="WhenHaveReceivedAny_ShouldNotThrow" storage="c:\code\opensource\nexpect\src\nexpect.matchers.nsubstitute.tests\bin\debug\net7.0\nexpect.matchers.nsubstitute.tests.dll" id="bf1ccb2e-fcfe-1d50-f0b1-deb67dbce257">
      <Execution id="bc772d0a-a664-4929-9a7a-c485585296d6" />
      <TestMethod codeBase="C:\code\opensource\NExpect\src\NExpect.Matchers.NSubstitute.Tests\bin\Debug\net7.0\NExpect.Matchers.NSubstitute.Tests.dll" adapterTypeName="executor://nunit3testexecutor/" className="NExpect.Matchers.NSubstitute.Tests.TestReceivedExtensions+WhenExpectingToReceive" name="WhenHaveReceivedAny_ShouldNotThrow" />
    </UnitTest>
    <UnitTest name="WhenHaveReceivedNoneAndExpectingAny_ShouldThrow" storage="c:\code\opensource\nexpect\src\nexpect.matchers.nsubstitute.tests\bin\debug\net7.0\nexpect.matchers.nsubstitute.tests.dll" id="b6f3cd5c-62be-f090-2789-1b10fef6efc1">
      <Execution id="207e7c47-433b-4e5e-b604-b58757fc507b" />
      <TestMethod codeBase="C:\code\opensource\NExpect\src\NExpect.Matchers.NSubstitute.Tests\bin\Debug\net7.0\NExpect.Matchers.NSubstitute.Tests.dll" adapterTypeName="executor://nunit3testexecutor/" className="NExpect.Matchers.NSubstitute.Tests.TestReceivedExtensions+WhenExpectingToReceive" name="WhenHaveReceivedNoneAndExpectingAny_ShouldThrow" />
    </UnitTest>
    <UnitTest name="WhenHaveReceivedTooMany_ShouldThrow" storage="c:\code\opensource\nexpect\src\nexpect.matchers.nsubstitute.tests\bin\debug\net7.0\nexpect.matchers.nsubstitute.tests.dll" id="8aff36db-771d-66e9-572a-76536598e31c">
      <Execution id="57b6e2e2-a27d-41d7-835e-317540b29bc0" />
      <TestMethod codeBase="C:\code\opensource\NExpect\src\NExpect.Matchers.NSubstitute.Tests\bin\Debug\net7.0\NExpect.Matchers.NSubstitute.Tests.dll" adapterTypeName="executor://nunit3testexecutor/" className="NExpect.Matchers.NSubstitute.Tests.TestReceivedExtensions+WhenExpectingToReceive" name="WhenHaveReceivedTooMany_ShouldThrow" />
    </UnitTest>
    <UnitTest name="ShouldPassNegatedWhenSubHasReceivedNoCalls" storage="c:\code\opensource\nexpect\src\nexpect.matchers.nsubstitute.tests\bin\debug\net7.0\nexpect.matchers.nsubstitute.tests.dll" id="2ab46e3a-5b8c-3197-f5e9-09ed1879aa79">
      <Execution id="2be54fd2-6a56-4bf1-b83e-ac55ea34b031" />
      <TestMethod codeBase="C:\code\opensource\NExpect\src\NExpect.Matchers.NSubstitute.Tests\bin\Debug\net7.0\NExpect.Matchers.NSubstitute.Tests.dll" adapterTypeName="executor://nunit3testexecutor/" className="NExpect.Matchers.NSubstitute.Tests.TestCalledMatchers" name="ShouldPassNegatedWhenSubHasReceivedNoCalls" />
    </UnitTest>
    <UnitTest name="WhenReceivedSome_ShouldThrow" storage="c:\code\opensource\nexpect\src\nexpect.matchers.nsubstitute.tests\bin\debug\net7.0\nexpect.matchers.nsubstitute.tests.dll" id="226a2a8c-fc02-bab0-468c-225bd73e8efe">
      <Execution id="133fbb15-740f-4b6f-9056-af2fcae55add" />
      <TestMethod codeBase="C:\code\opensource\NExpect\src\NExpect.Matchers.NSubstitute.Tests\bin\Debug\net7.0\NExpect.Matchers.NSubstitute.Tests.dll" adapterTypeName="executor://nunit3testexecutor/" className="NExpect.Matchers.NSubstitute.Tests.TestReceivedExtensions+WhenNotExpectingToReceive" name="WhenReceivedSome_ShouldThrow" />
    </UnitTest>
  </TestDefinitions>
  <TestEntries>
    <TestEntry testId="07bffc59-74db-9f67-6b1f-79245c16b010" executionId="a4460c39-a043-4ef8-b08a-876b2acf361e" testListId="8c84fa94-04c1-424b-9868-57a2d4851a1d" />
    <TestEntry testId="480ee193-e490-c5c4-5120-0ef5a9622656" executionId="80268a91-1238-473d-a1d2-9977c68bc71e" testListId="8c84fa94-04c1-424b-9868-57a2d4851a1d" />
    <TestEntry testId="9e048bb1-aec5-c94d-ef8b-c959b38f038c" executionId="c84eaefc-5949-4688-b5a9-4101de75b62f" testListId="8c84fa94-04c1-424b-9868-57a2d4851a1d" />
    <TestEntry testId="beec1d74-f0f4-499a-bf7d-ff2c7b25ad63" executionId="3aefde9f-56cd-48a2-84e0-d606e68fa99d" testListId="8c84fa94-04c1-424b-9868-57a2d4851a1d" />
    <TestEntry testId="2d9af83e-a95f-fa28-1af3-3fa85f1d31ba" executionId="310bc560-d368-47cf-a69f-5475074836fb" testListId="8c84fa94-04c1-424b-9868-57a2d4851a1d" />
    <TestEntry testId="7d7c5c27-a246-52f5-c8f4-2c490c3f169d" executionId="44d754e6-9077-4d0f-81ba-0cba4c317919" testListId="8c84fa94-04c1-424b-9868-57a2d4851a1d" />
    <TestEntry testId="b6f3cd5c-62be-f090-2789-1b10fef6efc1" executionId="207e7c47-433b-4e5e-b604-b58757fc507b" testListId="8c84fa94-04c1-424b-9868-57a2d4851a1d" />
    <TestEntry testId="80dd9cfa-d9fb-4d9c-7949-c260fbbbb504" executionId="30065d1e-3ec3-4539-8537-c2e333782d29" testListId="8c84fa94-04c1-424b-9868-57a2d4851a1d" />
    <TestEntry testId="02318e84-a774-3185-eadc-07007fc372a8" executionId="d688a112-ccf9-4eb2-9d9c-bd09661da1c3" testListId="8c84fa94-04c1-424b-9868-57a2d4851a1d" />
    <TestEntry testId="2ab46e3a-5b8c-3197-f5e9-09ed1879aa79" executionId="2be54fd2-6a56-4bf1-b83e-ac55ea34b031" testListId="8c84fa94-04c1-424b-9868-57a2d4851a1d" />
    <TestEntry testId="bf1ccb2e-fcfe-1d50-f0b1-deb67dbce257" executionId="bc772d0a-a664-4929-9a7a-c485585296d6" testListId="8c84fa94-04c1-424b-9868-57a2d4851a1d" />
    <TestEntry testId="39bcca84-78b5-a5f9-3687-3472d9e837e1" executionId="cf8fcc54-e010-4567-9d47-6ec5ee6fd6d2" testListId="8c84fa94-04c1-424b-9868-57a2d4851a1d" />
    <TestEntry testId="226a2a8c-fc02-bab0-468c-225bd73e8efe" executionId="133fbb15-740f-4b6f-9056-af2fcae55add" testListId="8c84fa94-04c1-424b-9868-57a2d4851a1d" />
    <TestEntry testId="8aff36db-771d-66e9-572a-76536598e31c" executionId="57b6e2e2-a27d-41d7-835e-317540b29bc0" testListId="8c84fa94-04c1-424b-9868-57a2d4851a1d" />
  </TestEntries>
  <TestLists>
    <TestList name="Results Not in a List" id="8c84fa94-04c1-424b-9868-57a2d4851a1d" />
    <TestList name="All Loaded Results" id="19431567-8539-422a-85d7-44ee4e166bda" />
  </TestLists>
  <ResultSummary outcome="Completed">
    <Counters total="14" executed="14" passed="14" failed="0" error="0" timeout="0" aborted="0" inconclusive="0" passedButRunAborted="0" notRunnable="0" notExecuted="0" disconnected="0" warning="0" completed="0" inProgress="0" pending="0" />
    <Output>
      <StdOut>NUnit Adapter 4.5.0.0: Test execution started&#xD;
Running all tests in C:\code\opensource\NExpect\src\NExpect.Matchers.NSubstitute.Tests\bin\Debug\net7.0\NExpect.Matchers.NSubstitute.Tests.dll&#xD;
   NUnit3TestExecutor discovered 14 of 14 NUnit test cases using Current Discovery mode, Non-Explicit run&#xD;
NUnit Adapter 4.5.0.0: Test execution complete&#xD;
</StdOut>
    </Output>
  </ResultSummary>
</TestRun>