<?xml version="1.0" encoding="utf-8"?>
<TestRun id="0e2724e1-58a5-4e94-867c-95f08348d4bd" name="davyd.mcColl@CODEO-LT-45 2023-09-01 10:02:10" runUser="CLYRAL\davyd.mcColl" xmlns="http://microsoft.com/schemas/VisualStudio/TeamTest/2010">
  <Times creation="2023-09-01T10:02:10.1213997+02:00" queuing="2023-09-01T10:02:10.1213999+02:00" start="2023-09-01T10:02:09.5403402+02:00" finish="2023-09-01T10:02:10.1360035+02:00" />
  <TestSettings name="default" id="5879d70b-085c-4770-ae0b-8df5d0e5f7f4">
    <Deployment runDeploymentRoot="davyd.mcColl_CODEO-LT-45_2023-09-01_10_02_10" />
  </TestSettings>
  <Results>
    <UnitTestResult executionId="7b310da5-d5fc-4428-a760-8b0e56ff84f5" testId="7d7c5c27-a246-52f5-c8f4-2c490c3f169d" testName="ShouldNotAllowCallCountOnNegation" computerName="CODEO-LT-45" duration="00:00:00.0007260" startTime="2023-09-01T10:02:10.0638207+02:00" endTime="2023-09-01T10:02:10.0645468+02:00" testType="13cdc9d9-ddb5-4fa4-a97d-d965ccfc6d4b" outcome="Passed" testListId="8c84fa94-04c1-424b-9868-57a2d4851a1d" relativeResultsDirectory="7b310da5-d5fc-4428-a760-8b0e56ff84f5" />
    <UnitTestResult executionId="a3962251-ae8b-408e-9e1e-126cb3ad29df" testId="b6f3cd5c-62be-f090-2789-1b10fef6efc1" testName="WhenHaveReceivedNoneAndExpectingAny_ShouldThrow" computerName="CODEO-LT-45" duration="00:00:00.0018750" startTime="2023-09-01T10:02:10.0584065+02:00" endTime="2023-09-01T10:02:10.0602810+02:00" testType="13cdc9d9-ddb5-4fa4-a97d-d965ccfc6d4b" outcome="Passed" testListId="8c84fa94-04c1-424b-9868-57a2d4851a1d" relativeResultsDirectory="a3962251-ae8b-408e-9e1e-126cb3ad29df" />
    <UnitTestResult executionId="bd7414a4-76c6-4700-aa61-1e5cbbf6b7f2" testId="8aff36db-771d-66e9-572a-76536598e31c" testName="WhenHaveReceivedTooMany_ShouldThrow" computerName="CODEO-LT-45" duration="00:00:00.0005410" startTime="2023-09-01T10:02:10.0631968+02:00" endTime="2023-09-01T10:02:10.0637379+02:00" testType="13cdc9d9-ddb5-4fa4-a97d-d965ccfc6d4b" outcome="Passed" testListId="8c84fa94-04c1-424b-9868-57a2d4851a1d" relativeResultsDirectory="bd7414a4-76c6-4700-aa61-1e5cbbf6b7f2" />
    <UnitTestResult executionId="ebcf23bb-5353-45d7-bd5b-8d11670f3f51" testId="beec1d74-f0f4-499a-bf7d-ff2c7b25ad63" testName="ShouldPassWhenSubHasReceivedAnyCall" computerName="CODEO-LT-45" duration="00:00:00.0012170" startTime="2023-09-01T10:02:10.0450468+02:00" endTime="2023-09-01T10:02:10.0462634+02:00" testType="13cdc9d9-ddb5-4fa4-a97d-d965ccfc6d4b" outcome="Passed" testListId="8c84fa94-04c1-424b-9868-57a2d4851a1d" relativeResultsDirectory="ebcf23bb-5353-45d7-bd5b-8d11670f3f51" />
    <UnitTestResult executionId="abc9e1d4-b282-46d8-89b3-1c41389ff2da" testId="9e048bb1-aec5-c94d-ef8b-c959b38f038c" testName="ShouldFailWhenSubHasReceivedNoCalls" computerName="CODEO-LT-45" duration="00:00:00.0024670" startTime="2023-09-01T10:02:10.0382469+02:00" endTime="2023-09-01T10:02:10.0407137+02:00" testType="13cdc9d9-ddb5-4fa4-a97d-d965ccfc6d4b" outcome="Passed" testListId="8c84fa94-04c1-424b-9868-57a2d4851a1d" relativeResultsDirectory="abc9e1d4-b282-46d8-89b3-1c41389ff2da" />
    <UnitTestResult executionId="805859d8-f5a5-4aba-9ff0-ead363f1eea5" testId="bf1ccb2e-fcfe-1d50-f0b1-deb67dbce257" testName="WhenHaveReceivedAny_ShouldNotThrow" computerName="CODEO-LT-45" duration="00:00:00.0013080" startTime="2023-09-01T10:02:10.0570779+02:00" endTime="2023-09-01T10:02:10.0583855+02:00" testType="13cdc9d9-ddb5-4fa4-a97d-d965ccfc6d4b" outcome="Passed" testListId="8c84fa94-04c1-424b-9868-57a2d4851a1d" relativeResultsDirectory="805859d8-f5a5-4aba-9ff0-ead363f1eea5" />
    <UnitTestResult executionId="3e92a2c9-aace-4042-a20d-a96e02568399" testId="2d9af83e-a95f-fa28-1af3-3fa85f1d31ba" testName="WhenHaveReceivedTooFew_ShouldThrow" computerName="CODEO-LT-45" duration="00:00:00.0020290" startTime="2023-09-01T10:02:10.0611578+02:00" endTime="2023-09-01T10:02:10.0631867+02:00" testType="13cdc9d9-ddb5-4fa4-a97d-d965ccfc6d4b" outcome="Passed" testListId="8c84fa94-04c1-424b-9868-57a2d4851a1d" relativeResultsDirectory="3e92a2c9-aace-4042-a20d-a96e02568399" />
    <UnitTestResult executionId="11fc884f-ac05-42e5-bb71-6071b4856744" testId="80dd9cfa-d9fb-4d9c-7949-c260fbbbb504" testName="ShouldGiveUsefulErrorWhenNotWorkingWithASub" computerName="CODEO-LT-45" duration="00:00:00.0028670" startTime="2023-09-01T10:02:10.0407436+02:00" endTime="2023-09-01T10:02:10.0436105+02:00" testType="13cdc9d9-ddb5-4fa4-a97d-d965ccfc6d4b" outcome="Passed" testListId="8c84fa94-04c1-424b-9868-57a2d4851a1d" relativeResultsDirectory="11fc884f-ac05-42e5-bb71-6071b4856744" />
    <UnitTestResult executionId="df44eebf-aa51-4001-a8c5-ac9715ed165d" testId="226a2a8c-fc02-bab0-468c-225bd73e8efe" testName="WhenReceivedSome_ShouldThrow" computerName="CODEO-LT-45" duration="00:00:00.0014370" startTime="2023-09-01T10:02:10.0653870+02:00" endTime="2023-09-01T10:02:10.0668235+02:00" testType="13cdc9d9-ddb5-4fa4-a97d-d965ccfc6d4b" outcome="Passed" testListId="8c84fa94-04c1-424b-9868-57a2d4851a1d" relativeResultsDirectory="df44eebf-aa51-4001-a8c5-ac9715ed165d" />
    <UnitTestResult executionId="e9311d81-ae84-4f85-853c-c455f2f5590e" testId="07bffc59-74db-9f67-6b1f-79245c16b010" testName="ShouldNotTriggerIncompleteAssertions" computerName="CODEO-LT-45" duration="00:00:00.0071220" startTime="2023-09-01T10:02:10.0482348+02:00" endTime="2023-09-01T10:02:10.0553565+02:00" testType="13cdc9d9-ddb5-4fa4-a97d-d965ccfc6d4b" outcome="Passed" testListId="8c84fa94-04c1-424b-9868-57a2d4851a1d" relativeResultsDirectory="e9311d81-ae84-4f85-853c-c455f2f5590e" />
    <UnitTestResult executionId="c7fd4292-4ed6-4c4d-a448-e8af60f0a40d" testId="02318e84-a774-3185-eadc-07007fc372a8" testName="ShouldFailWhenNegatedAndSubHasReceivedCall" computerName="CODEO-LT-45" duration="00:00:00.0976630" startTime="2023-09-01T10:02:09.9394896+02:00" endTime="2023-09-01T10:02:10.0371120+02:00" testType="13cdc9d9-ddb5-4fa4-a97d-d965ccfc6d4b" outcome="Passed" testListId="8c84fa94-04c1-424b-9868-57a2d4851a1d" relativeResultsDirectory="c7fd4292-4ed6-4c4d-a448-e8af60f0a40d" />
    <UnitTestResult executionId="b2d2b9f4-e186-4b22-b9cf-055024f3fb69" testId="2ab46e3a-5b8c-3197-f5e9-09ed1879aa79" testName="ShouldPassNegatedWhenSubHasReceivedNoCalls" computerName="CODEO-LT-45" duration="00:00:00.0014100" startTime="2023-09-01T10:02:10.0436229+02:00" endTime="2023-09-01T10:02:10.0450331+02:00" testType="13cdc9d9-ddb5-4fa4-a97d-d965ccfc6d4b" outcome="Passed" testListId="8c84fa94-04c1-424b-9868-57a2d4851a1d" relativeResultsDirectory="b2d2b9f4-e186-4b22-b9cf-055024f3fb69" />
    <UnitTestResult executionId="a04e2ef4-7cc9-41af-9952-59f6df6960a3" testId="39bcca84-78b5-a5f9-3687-3472d9e837e1" testName="WhenReceivedNone_ShouldNotThrow" computerName="CODEO-LT-45" duration="00:00:00.0007810" startTime="2023-09-01T10:02:10.0645593+02:00" endTime="2023-09-01T10:02:10.0653396+02:00" testType="13cdc9d9-ddb5-4fa4-a97d-d965ccfc6d4b" outcome="Passed" testListId="8c84fa94-04c1-424b-9868-57a2d4851a1d" relativeResultsDirectory="a04e2ef4-7cc9-41af-9952-59f6df6960a3" />
    <UnitTestResult executionId="f75adce8-bce7-4933-9e35-380e9ee24d71" testId="480ee193-e490-c5c4-5120-0ef5a9622656" testName="WhenHaveReceivedTheCorrectAmount_ShouldNotThrow" computerName="CODEO-LT-45" duration="00:00:00.0008400" startTime="2023-09-01T10:02:10.0602997+02:00" endTime="2023-09-01T10:02:10.0611393+02:00" testType="13cdc9d9-ddb5-4fa4-a97d-d965ccfc6d4b" outcome="Passed" testListId="8c84fa94-04c1-424b-9868-57a2d4851a1d" relativeResultsDirectory="f75adce8-bce7-4933-9e35-380e9ee24d71" />
  </Results>
  <TestDefinitions>
    <UnitTest name="ShouldFailWhenNegatedAndSubHasReceivedCall" storage="c:\code\opensource\nexpect\src\nexpect.matchers.nsubstitute.tests\bin\debug\net7.0\nexpect.matchers.nsubstitute.tests.dll" id="02318e84-a774-3185-eadc-07007fc372a8">
      <Execution id="c7fd4292-4ed6-4c4d-a448-e8af60f0a40d" />
      <TestMethod codeBase="C:\code\opensource\NExpect\src\NExpect.Matchers.NSubstitute.Tests\bin\Debug\net7.0\NExpect.Matchers.NSubstitute.Tests.dll" adapterTypeName="executor://nunit3testexecutor/" className="NExpect.Matchers.NSubstitute.Tests.TestCalledMatchers" name="ShouldFailWhenNegatedAndSubHasReceivedCall" />
    </UnitTest>
    <UnitTest name="ShouldNotTriggerIncompleteAssertions" storage="c:\code\opensource\nexpect\src\nexpect.matchers.nsubstitute.tests\bin\debug\net7.0\nexpect.matchers.nsubstitute.tests.dll" id="07bffc59-74db-9f67-6b1f-79245c16b010">
      <Execution id="e9311d81-ae84-4f85-853c-c455f2f5590e" />
      <TestMethod codeBase="C:\code\opensource\NExpect\src\NExpect.Matchers.NSubstitute.Tests\bin\Debug\net7.0\NExpect.Matchers.NSubstitute.Tests.dll" adapterTypeName="executor://nunit3testexecutor/" className="NExpect.Matchers.NSubstitute.Tests.TestReceivedExtensions" name="ShouldNotTriggerIncompleteAssertions" />
    </UnitTest>
    <UnitTest name="ShouldNotAllowCallCountOnNegation" storage="c:\code\opensource\nexpect\src\nexpect.matchers.nsubstitute.tests\bin\debug\net7.0\nexpect.matchers.nsubstitute.tests.dll" id="7d7c5c27-a246-52f5-c8f4-2c490c3f169d">
      <Execution id="7b310da5-d5fc-4428-a760-8b0e56ff84f5" />
      <TestMethod codeBase="C:\code\opensource\NExpect\src\NExpect.Matchers.NSubstitute.Tests\bin\Debug\net7.0\NExpect.Matchers.NSubstitute.Tests.dll" adapterTypeName="executor://nunit3testexecutor/" className="NExpect.Matchers.NSubstitute.Tests.TestReceivedExtensions+WhenNotExpectingToReceive" name="ShouldNotAllowCallCountOnNegation" />
    </UnitTest>
    <UnitTest name="WhenReceivedNone_ShouldNotThrow" storage="c:\code\opensource\nexpect\src\nexpect.matchers.nsubstitute.tests\bin\debug\net7.0\nexpect.matchers.nsubstitute.tests.dll" id="39bcca84-78b5-a5f9-3687-3472d9e837e1">
      <Execution id="a04e2ef4-7cc9-41af-9952-59f6df6960a3" />
      <TestMethod codeBase="C:\code\opensource\NExpect\src\NExpect.Matchers.NSubstitute.Tests\bin\Debug\net7.0\NExpect.Matchers.NSubstitute.Tests.dll" adapterTypeName="executor://nunit3testexecutor/" className="NExpect.Matchers.NSubstitute.Tests.TestReceivedExtensions+WhenNotExpectingToReceive" name="WhenReceivedNone_ShouldNotThrow" />
    </UnitTest>
    <UnitTest name="WhenHaveReceivedTheCorrectAmount_ShouldNotThrow" storage="c:\code\opensource\nexpect\src\nexpect.matchers.nsubstitute.tests\bin\debug\net7.0\nexpect.matchers.nsubstitute.tests.dll" id="480ee193-e490-c5c4-5120-0ef5a9622656">
      <Execution id="f75adce8-bce7-4933-9e35-380e9ee24d71" />
      <TestMethod codeBase="C:\code\opensource\NExpect\src\NExpect.Matchers.NSubstitute.Tests\bin\Debug\net7.0\NExpect.Matchers.NSubstitute.Tests.dll" adapterTypeName="executor://nunit3testexecutor/" className="NExpect.Matchers.NSubstitute.Tests.TestReceivedExtensions+WhenExpectingToReceive" name="WhenHaveReceivedTheCorrectAmount_ShouldNotThrow" />
    </UnitTest>
    <UnitTest name="ShouldFailWhenSubHasReceivedNoCalls" storage="c:\code\opensource\nexpect\src\nexpect.matchers.nsubstitute.tests\bin\debug\net7.0\nexpect.matchers.nsubstitute.tests.dll" id="9e048bb1-aec5-c94d-ef8b-c959b38f038c">
      <Execution id="abc9e1d4-b282-46d8-89b3-1c41389ff2da" />
      <TestMethod codeBase="C:\code\opensource\NExpect\src\NExpect.Matchers.NSubstitute.Tests\bin\Debug\net7.0\NExpect.Matchers.NSubstitute.Tests.dll" adapterTypeName="executor://nunit3testexecutor/" className="NExpect.Matchers.NSubstitute.Tests.TestCalledMatchers" name="ShouldFailWhenSubHasReceivedNoCalls" />
    </UnitTest>
    <UnitTest name="ShouldPassWhenSubHasReceivedAnyCall" storage="c:\code\opensource\nexpect\src\nexpect.matchers.nsubstitute.tests\bin\debug\net7.0\nexpect.matchers.nsubstitute.tests.dll" id="beec1d74-f0f4-499a-bf7d-ff2c7b25ad63">
      <Execution id="ebcf23bb-5353-45d7-bd5b-8d11670f3f51" />
      <TestMethod codeBase="C:\code\opensource\NExpect\src\NExpect.Matchers.NSubstitute.Tests\bin\Debug\net7.0\NExpect.Matchers.NSubstitute.Tests.dll" adapterTypeName="executor://nunit3testexecutor/" className="NExpect.Matchers.NSubstitute.Tests.TestCalledMatchers" name="ShouldPassWhenSubHasReceivedAnyCall" />
    </UnitTest>
    <UnitTest name="WhenHaveReceivedTooFew_ShouldThrow" storage="c:\code\opensource\nexpect\src\nexpect.matchers.nsubstitute.tests\bin\debug\net7.0\nexpect.matchers.nsubstitute.tests.dll" id="2d9af83e-a95f-fa28-1af3-3fa85f1d31ba">
      <Execution id="3e92a2c9-aace-4042-a20d-a96e02568399" />
      <TestMethod codeBase="C:\code\opensource\NExpect\src\NExpect.Matchers.NSubstitute.Tests\bin\Debug\net7.0\NExpect.Matchers.NSubstitute.Tests.dll" adapterTypeName="executor://nunit3testexecutor/" className="NExpect.Matchers.NSubstitute.Tests.TestReceivedExtensions+WhenExpectingToReceive" name="WhenHaveReceivedTooFew_ShouldThrow" />
    </UnitTest>
    <UnitTest name="ShouldGiveUsefulErrorWhenNotWorkingWithASub" storage="c:\code\opensource\nexpect\src\nexpect.matchers.nsubstitute.tests\bin\debug\net7.0\nexpect.matchers.nsubstitute.tests.dll" id="80dd9cfa-d9fb-4d9c-7949-c260fbbbb504">
      <Execution id="11fc884f-ac05-42e5-bb71-6071b4856744" />
      <TestMethod codeBase="C:\code\opensource\NExpect\src\NExpect.Matchers.NSubstitute.Tests\bin\Debug\net7.0\NExpect.Matchers.NSubstitute.Tests.dll" adapterTypeName="executor://nunit3testexecutor/" className="NExpect.Matchers.NSubstitute.Tests.TestCalledMatchers" name="ShouldGiveUsefulErrorWhenNotWorkingWithASub" />
    </UnitTest>
    <UnitTest name="WhenHaveReceivedAny_ShouldNotThrow" storage="c:\code\opensource\nexpect\src\nexpect.matchers.nsubstitute.tests\bin\debug\net7.0\nexpect.matchers.nsubstitute.tests.dll" id="bf1ccb2e-fcfe-1d50-f0b1-deb67dbce257">
      <Execution id="805859d8-f5a5-4aba-9ff0-ead363f1eea5" />
      <TestMethod codeBase="C:\code\opensource\NExpect\src\NExpect.Matchers.NSubstitute.Tests\bin\Debug\net7.0\NExpect.Matchers.NSubstitute.Tests.dll" adapterTypeName="executor://nunit3testexecutor/" className="NExpect.Matchers.NSubstitute.Tests.TestReceivedExtensions+WhenExpectingToReceive" name="WhenHaveReceivedAny_ShouldNotThrow" />
    </UnitTest>
    <UnitTest name="WhenHaveReceivedNoneAndExpectingAny_ShouldThrow" storage="c:\code\opensource\nexpect\src\nexpect.matchers.nsubstitute.tests\bin\debug\net7.0\nexpect.matchers.nsubstitute.tests.dll" id="b6f3cd5c-62be-f090-2789-1b10fef6efc1">
      <Execution id="a3962251-ae8b-408e-9e1e-126cb3ad29df" />
      <TestMethod codeBase="C:\code\opensource\NExpect\src\NExpect.Matchers.NSubstitute.Tests\bin\Debug\net7.0\NExpect.Matchers.NSubstitute.Tests.dll" adapterTypeName="executor://nunit3testexecutor/" className="NExpect.Matchers.NSubstitute.Tests.TestReceivedExtensions+WhenExpectingToReceive" name="WhenHaveReceivedNoneAndExpectingAny_ShouldThrow" />
    </UnitTest>
    <UnitTest name="WhenHaveReceivedTooMany_ShouldThrow" storage="c:\code\opensource\nexpect\src\nexpect.matchers.nsubstitute.tests\bin\debug\net7.0\nexpect.matchers.nsubstitute.tests.dll" id="8aff36db-771d-66e9-572a-76536598e31c">
      <Execution id="bd7414a4-76c6-4700-aa61-1e5cbbf6b7f2" />
      <TestMethod codeBase="C:\code\opensource\NExpect\src\NExpect.Matchers.NSubstitute.Tests\bin\Debug\net7.0\NExpect.Matchers.NSubstitute.Tests.dll" adapterTypeName="executor://nunit3testexecutor/" className="NExpect.Matchers.NSubstitute.Tests.TestReceivedExtensions+WhenExpectingToReceive" name="WhenHaveReceivedTooMany_ShouldThrow" />
    </UnitTest>
    <UnitTest name="ShouldPassNegatedWhenSubHasReceivedNoCalls" storage="c:\code\opensource\nexpect\src\nexpect.matchers.nsubstitute.tests\bin\debug\net7.0\nexpect.matchers.nsubstitute.tests.dll" id="2ab46e3a-5b8c-3197-f5e9-09ed1879aa79">
      <Execution id="b2d2b9f4-e186-4b22-b9cf-055024f3fb69" />
      <TestMethod codeBase="C:\code\opensource\NExpect\src\NExpect.Matchers.NSubstitute.Tests\bin\Debug\net7.0\NExpect.Matchers.NSubstitute.Tests.dll" adapterTypeName="executor://nunit3testexecutor/" className="NExpect.Matchers.NSubstitute.Tests.TestCalledMatchers" name="ShouldPassNegatedWhenSubHasReceivedNoCalls" />
    </UnitTest>
    <UnitTest name="WhenReceivedSome_ShouldThrow" storage="c:\code\opensource\nexpect\src\nexpect.matchers.nsubstitute.tests\bin\debug\net7.0\nexpect.matchers.nsubstitute.tests.dll" id="226a2a8c-fc02-bab0-468c-225bd73e8efe">
      <Execution id="df44eebf-aa51-4001-a8c5-ac9715ed165d" />
      <TestMethod codeBase="C:\code\opensource\NExpect\src\NExpect.Matchers.NSubstitute.Tests\bin\Debug\net7.0\NExpect.Matchers.NSubstitute.Tests.dll" adapterTypeName="executor://nunit3testexecutor/" className="NExpect.Matchers.NSubstitute.Tests.TestReceivedExtensions+WhenNotExpectingToReceive" name="WhenReceivedSome_ShouldThrow" />
    </UnitTest>
  </TestDefinitions>
  <TestEntries>
    <TestEntry testId="7d7c5c27-a246-52f5-c8f4-2c490c3f169d" executionId="7b310da5-d5fc-4428-a760-8b0e56ff84f5" testListId="8c84fa94-04c1-424b-9868-57a2d4851a1d" />
    <TestEntry testId="b6f3cd5c-62be-f090-2789-1b10fef6efc1" executionId="a3962251-ae8b-408e-9e1e-126cb3ad29df" testListId="8c84fa94-04c1-424b-9868-57a2d4851a1d" />
    <TestEntry testId="8aff36db-771d-66e9-572a-76536598e31c" executionId="bd7414a4-76c6-4700-aa61-1e5cbbf6b7f2" testListId="8c84fa94-04c1-424b-9868-57a2d4851a1d" />
    <TestEntry testId="beec1d74-f0f4-499a-bf7d-ff2c7b25ad63" executionId="ebcf23bb-5353-45d7-bd5b-8d11670f3f51" testListId="8c84fa94-04c1-424b-9868-57a2d4851a1d" />
    <TestEntry testId="9e048bb1-aec5-c94d-ef8b-c959b38f038c" executionId="abc9e1d4-b282-46d8-89b3-1c41389ff2da" testListId="8c84fa94-04c1-424b-9868-57a2d4851a1d" />
    <TestEntry testId="bf1ccb2e-fcfe-1d50-f0b1-deb67dbce257" executionId="805859d8-f5a5-4aba-9ff0-ead363f1eea5" testListId="8c84fa94-04c1-424b-9868-57a2d4851a1d" />
    <TestEntry testId="2d9af83e-a95f-fa28-1af3-3fa85f1d31ba" executionId="3e92a2c9-aace-4042-a20d-a96e02568399" testListId="8c84fa94-04c1-424b-9868-57a2d4851a1d" />
    <TestEntry testId="80dd9cfa-d9fb-4d9c-7949-c260fbbbb504" executionId="11fc884f-ac05-42e5-bb71-6071b4856744" testListId="8c84fa94-04c1-424b-9868-57a2d4851a1d" />
    <TestEntry testId="226a2a8c-fc02-bab0-468c-225bd73e8efe" executionId="df44eebf-aa51-4001-a8c5-ac9715ed165d" testListId="8c84fa94-04c1-424b-9868-57a2d4851a1d" />
    <TestEntry testId="07bffc59-74db-9f67-6b1f-79245c16b010" executionId="e9311d81-ae84-4f85-853c-c455f2f5590e" testListId="8c84fa94-04c1-424b-9868-57a2d4851a1d" />
    <TestEntry testId="02318e84-a774-3185-eadc-07007fc372a8" executionId="c7fd4292-4ed6-4c4d-a448-e8af60f0a40d" testListId="8c84fa94-04c1-424b-9868-57a2d4851a1d" />
    <TestEntry testId="2ab46e3a-5b8c-3197-f5e9-09ed1879aa79" executionId="b2d2b9f4-e186-4b22-b9cf-055024f3fb69" testListId="8c84fa94-04c1-424b-9868-57a2d4851a1d" />
    <TestEntry testId="39bcca84-78b5-a5f9-3687-3472d9e837e1" executionId="a04e2ef4-7cc9-41af-9952-59f6df6960a3" testListId="8c84fa94-04c1-424b-9868-57a2d4851a1d" />
    <TestEntry testId="480ee193-e490-c5c4-5120-0ef5a9622656" executionId="f75adce8-bce7-4933-9e35-380e9ee24d71" testListId="8c84fa94-04c1-424b-9868-57a2d4851a1d" />
  </TestEntries>
  <TestLists>
    <TestList name="Results Not in a List" id="8c84fa94-04c1-424b-9868-57a2d4851a1d" />
    <TestList name="All Loaded Results" id="19431567-8539-422a-85d7-44ee4e166bda" />
  </TestLists>
  <ResultSummary outcome="Completed">
    <Counters total="14" executed="14" passed="14" failed="0" error="0" timeout="0" aborted="0" inconclusive="0" passedButRunAborted="0" notRunnable="0" notExecuted="0" disconnected="0" warning="0" completed="0" inProgress="0" pending="0" />
    <Output>
      <StdOut>NUnit Adapter 4.5.0.0: Test execution started&#xD;
Running all tests in C:\code\opensource\NExpect\src\NExpect.Matchers.NSubstitute.Tests\bin\Debug\net7.0\NExpect.Matchers.NSubstitute.Tests.dll&#xD;
   NUnit3TestExecutor discovered 14 of 14 NUnit test cases using Current Discovery mode, Non-Explicit run&#xD;
NUnit Adapter 4.5.0.0: Test execution complete&#xD;
</StdOut>
    </Output>
  </ResultSummary>
</TestRun>