<?xml version="1.0" encoding="utf-8"?>
<TestRun id="56e8d7fc-2f68-44bc-823f-c8246f86286c" name="davyd.mcColl@CODEO-LT-45 2023-09-01 10:13:18" runUser="CLYRAL\davyd.mcColl" xmlns="http://microsoft.com/schemas/VisualStudio/TeamTest/2010">
  <Times creation="2023-09-01T10:13:18.4164896+02:00" queuing="2023-09-01T10:13:18.4164899+02:00" start="2023-09-01T10:13:17.8162515+02:00" finish="2023-09-01T10:13:18.4347764+02:00" />
  <TestSettings name="default" id="4e3605f8-0db9-4fd7-8210-375ddce25af3">
    <Deployment runDeploymentRoot="davyd.mcColl_CODEO-LT-45_2023-09-01_10_13_18" />
  </TestSettings>
  <Results>
    <UnitTestResult executionId="db515865-b291-41dc-8027-a9904fd1995b" testId="80dd9cfa-d9fb-4d9c-7949-c260fbbbb504" testName="ShouldGiveUsefulErrorWhenNotWorkingWithASub" computerName="CODEO-LT-45" duration="00:00:00.0026340" startTime="2023-09-01T10:13:18.3393590+02:00" endTime="2023-09-01T10:13:18.3419932+02:00" testType="13cdc9d9-ddb5-4fa4-a97d-d965ccfc6d4b" outcome="Passed" testListId="8c84fa94-04c1-424b-9868-57a2d4851a1d" relativeResultsDirectory="db515865-b291-41dc-8027-a9904fd1995b" />
    <UnitTestResult executionId="9d451ed2-01bc-4ee0-b4c5-dffac1e34cda" testId="39bcca84-78b5-a5f9-3687-3472d9e837e1" testName="WhenReceivedNone_ShouldNotThrow" computerName="CODEO-LT-45" duration="00:00:00.0007610" startTime="2023-09-01T10:13:18.3622877+02:00" endTime="2023-09-01T10:13:18.3630484+02:00" testType="13cdc9d9-ddb5-4fa4-a97d-d965ccfc6d4b" outcome="Passed" testListId="8c84fa94-04c1-424b-9868-57a2d4851a1d" relativeResultsDirectory="9d451ed2-01bc-4ee0-b4c5-dffac1e34cda" />
    <UnitTestResult executionId="64e8e1ae-c3e6-4d7f-b86a-a223902762ee" testId="bf1ccb2e-fcfe-1d50-f0b1-deb67dbce257" testName="WhenHaveReceivedAny_ShouldNotThrow" computerName="CODEO-LT-45" duration="00:00:00.0011090" startTime="2023-09-01T10:13:18.3548614+02:00" endTime="2023-09-01T10:13:18.3559698+02:00" testType="13cdc9d9-ddb5-4fa4-a97d-d965ccfc6d4b" outcome="Passed" testListId="8c84fa94-04c1-424b-9868-57a2d4851a1d" relativeResultsDirectory="64e8e1ae-c3e6-4d7f-b86a-a223902762ee" />
    <UnitTestResult executionId="6307cbc1-d251-490e-acba-065d86c9987e" testId="b6f3cd5c-62be-f090-2789-1b10fef6efc1" testName="WhenHaveReceivedNoneAndExpectingAny_ShouldThrow" computerName="CODEO-LT-45" duration="00:00:00.0018080" startTime="2023-09-01T10:13:18.3560115+02:00" endTime="2023-09-01T10:13:18.3578195+02:00" testType="13cdc9d9-ddb5-4fa4-a97d-d965ccfc6d4b" outcome="Passed" testListId="8c84fa94-04c1-424b-9868-57a2d4851a1d" relativeResultsDirectory="6307cbc1-d251-490e-acba-065d86c9987e" />
    <UnitTestResult executionId="1f781237-5d32-4979-97b6-04bbed520b6c" testId="beec1d74-f0f4-499a-bf7d-ff2c7b25ad63" testName="ShouldPassWhenSubHasReceivedAnyCall" computerName="CODEO-LT-45" duration="00:00:00.0011240" startTime="2023-09-01T10:13:18.3434072+02:00" endTime="2023-09-01T10:13:18.3445314+02:00" testType="13cdc9d9-ddb5-4fa4-a97d-d965ccfc6d4b" outcome="Passed" testListId="8c84fa94-04c1-424b-9868-57a2d4851a1d" relativeResultsDirectory="1f781237-5d32-4979-97b6-04bbed520b6c" />
    <UnitTestResult executionId="611e69a3-9bca-4ac9-8902-5674db15105b" testId="02318e84-a774-3185-eadc-07007fc372a8" testName="ShouldFailWhenNegatedAndSubHasReceivedCall" computerName="CODEO-LT-45" duration="00:00:00.1138520" startTime="2023-09-01T10:13:18.2216431+02:00" endTime="2023-09-01T10:13:18.3354563+02:00" testType="13cdc9d9-ddb5-4fa4-a97d-d965ccfc6d4b" outcome="Passed" testListId="8c84fa94-04c1-424b-9868-57a2d4851a1d" relativeResultsDirectory="611e69a3-9bca-4ac9-8902-5674db15105b" />
    <UnitTestResult executionId="3616d13f-33b1-45a4-9e12-cc384d3f1807" testId="7d7c5c27-a246-52f5-c8f4-2c490c3f169d" testName="ShouldNotAllowCallCountOnNegation" computerName="CODEO-LT-45" duration="00:00:00.0010560" startTime="2023-09-01T10:13:18.3612129+02:00" endTime="2023-09-01T10:13:18.3622684+02:00" testType="13cdc9d9-ddb5-4fa4-a97d-d965ccfc6d4b" outcome="Passed" testListId="8c84fa94-04c1-424b-9868-57a2d4851a1d" relativeResultsDirectory="3616d13f-33b1-45a4-9e12-cc384d3f1807" />
    <UnitTestResult executionId="cc67bf5e-432a-4dc8-ab09-4ab04ff265fa" testId="07bffc59-74db-9f67-6b1f-79245c16b010" testName="ShouldNotTriggerIncompleteAssertions" computerName="CODEO-LT-45" duration="00:00:00.0065220" startTime="2023-09-01T10:13:18.3467390+02:00" endTime="2023-09-01T10:13:18.3532606+02:00" testType="13cdc9d9-ddb5-4fa4-a97d-d965ccfc6d4b" outcome="Passed" testListId="8c84fa94-04c1-424b-9868-57a2d4851a1d" relativeResultsDirectory="cc67bf5e-432a-4dc8-ab09-4ab04ff265fa" />
    <UnitTestResult executionId="28ca7acf-7158-4e00-a519-15458a6b2c46" testId="9e048bb1-aec5-c94d-ef8b-c959b38f038c" testName="ShouldFailWhenSubHasReceivedNoCalls" computerName="CODEO-LT-45" duration="00:00:00.0027760" startTime="2023-09-01T10:13:18.3365538+02:00" endTime="2023-09-01T10:13:18.3393292+02:00" testType="13cdc9d9-ddb5-4fa4-a97d-d965ccfc6d4b" outcome="Passed" testListId="8c84fa94-04c1-424b-9868-57a2d4851a1d" relativeResultsDirectory="28ca7acf-7158-4e00-a519-15458a6b2c46" />
    <UnitTestResult executionId="64e6333b-69a3-49da-9e68-21057b1f9b5f" testId="226a2a8c-fc02-bab0-468c-225bd73e8efe" testName="WhenReceivedSome_ShouldThrow" computerName="CODEO-LT-45" duration="00:00:00.0005850" startTime="2023-09-01T10:13:18.3630580+02:00" endTime="2023-09-01T10:13:18.3636433+02:00" testType="13cdc9d9-ddb5-4fa4-a97d-d965ccfc6d4b" outcome="Passed" testListId="8c84fa94-04c1-424b-9868-57a2d4851a1d" relativeResultsDirectory="64e6333b-69a3-49da-9e68-21057b1f9b5f" />
    <UnitTestResult executionId="645e9bb5-6b7d-496a-8b28-5a3471765d1a" testId="8aff36db-771d-66e9-572a-76536598e31c" testName="WhenHaveReceivedTooMany_ShouldThrow" computerName="CODEO-LT-45" duration="00:00:00.0005680" startTime="2023-09-01T10:13:18.3605608+02:00" endTime="2023-09-01T10:13:18.3611287+02:00" testType="13cdc9d9-ddb5-4fa4-a97d-d965ccfc6d4b" outcome="Passed" testListId="8c84fa94-04c1-424b-9868-57a2d4851a1d" relativeResultsDirectory="645e9bb5-6b7d-496a-8b28-5a3471765d1a" />
    <UnitTestResult executionId="f082a89f-0c1f-4682-919e-c44a5e48aa57" testId="2d9af83e-a95f-fa28-1af3-3fa85f1d31ba" testName="WhenHaveReceivedTooFew_ShouldThrow" computerName="CODEO-LT-45" duration="00:00:00.0018620" startTime="2023-09-01T10:13:18.3586897+02:00" endTime="2023-09-01T10:13:18.3605513+02:00" testType="13cdc9d9-ddb5-4fa4-a97d-d965ccfc6d4b" outcome="Passed" testListId="8c84fa94-04c1-424b-9868-57a2d4851a1d" relativeResultsDirectory="f082a89f-0c1f-4682-919e-c44a5e48aa57" />
    <UnitTestResult executionId="31d4749a-d829-45a5-a4e4-c34b676ea281" testId="480ee193-e490-c5c4-5120-0ef5a9622656" testName="WhenHaveReceivedTheCorrectAmount_ShouldNotThrow" computerName="CODEO-LT-45" duration="00:00:00.0008340" startTime="2023-09-01T10:13:18.3578387+02:00" endTime="2023-09-01T10:13:18.3586722+02:00" testType="13cdc9d9-ddb5-4fa4-a97d-d965ccfc6d4b" outcome="Passed" testListId="8c84fa94-04c1-424b-9868-57a2d4851a1d" relativeResultsDirectory="31d4749a-d829-45a5-a4e4-c34b676ea281" />
    <UnitTestResult executionId="7d11e302-478a-42f4-b082-b0af550485bd" testId="2ab46e3a-5b8c-3197-f5e9-09ed1879aa79" testName="ShouldPassNegatedWhenSubHasReceivedNoCalls" computerName="CODEO-LT-45" duration="00:00:00.0013860" startTime="2023-09-01T10:13:18.3420054+02:00" endTime="2023-09-01T10:13:18.3433915+02:00" testType="13cdc9d9-ddb5-4fa4-a97d-d965ccfc6d4b" outcome="Passed" testListId="8c84fa94-04c1-424b-9868-57a2d4851a1d" relativeResultsDirectory="7d11e302-478a-42f4-b082-b0af550485bd" />
  </Results>
  <TestDefinitions>
    <UnitTest name="ShouldFailWhenNegatedAndSubHasReceivedCall" storage="c:\temp\__sandboxes__\1d49df90-d349-4417-a4ef-e994cefe1355\src\nexpect.matchers.nsubstitute.tests\bin\debug\net7.0\nexpect.matchers.nsubstitute.tests.dll" id="02318e84-a774-3185-eadc-07007fc372a8">
      <Execution id="611e69a3-9bca-4ac9-8902-5674db15105b" />
      <TestMethod codeBase="C:\Temp\__sandboxes__\1d49df90-d349-4417-a4ef-e994cefe1355\src\NExpect.Matchers.NSubstitute.Tests\bin\Debug\net7.0\NExpect.Matchers.NSubstitute.Tests.dll" adapterTypeName="executor://nunit3testexecutor/" className="NExpect.Matchers.NSubstitute.Tests.TestCalledMatchers" name="ShouldFailWhenNegatedAndSubHasReceivedCall" />
    </UnitTest>
    <UnitTest name="ShouldNotTriggerIncompleteAssertions" storage="c:\temp\__sandboxes__\1d49df90-d349-4417-a4ef-e994cefe1355\src\nexpect.matchers.nsubstitute.tests\bin\debug\net7.0\nexpect.matchers.nsubstitute.tests.dll" id="07bffc59-74db-9f67-6b1f-79245c16b010">
      <Execution id="cc67bf5e-432a-4dc8-ab09-4ab04ff265fa" />
      <TestMethod codeBase="C:\Temp\__sandboxes__\1d49df90-d349-4417-a4ef-e994cefe1355\src\NExpect.Matchers.NSubstitute.Tests\bin\Debug\net7.0\NExpect.Matchers.NSubstitute.Tests.dll" adapterTypeName="executor://nunit3testexecutor/" className="NExpect.Matchers.NSubstitute.Tests.TestReceivedExtensions" name="ShouldNotTriggerIncompleteAssertions" />
    </UnitTest>
    <UnitTest name="ShouldNotAllowCallCountOnNegation" storage="c:\temp\__sandboxes__\1d49df90-d349-4417-a4ef-e994cefe1355\src\nexpect.matchers.nsubstitute.tests\bin\debug\net7.0\nexpect.matchers.nsubstitute.tests.dll" id="7d7c5c27-a246-52f5-c8f4-2c490c3f169d">
      <Execution id="3616d13f-33b1-45a4-9e12-cc384d3f1807" />
      <TestMethod codeBase="C:\Temp\__sandboxes__\1d49df90-d349-4417-a4ef-e994cefe1355\src\NExpect.Matchers.NSubstitute.Tests\bin\Debug\net7.0\NExpect.Matchers.NSubstitute.Tests.dll" adapterTypeName="executor://nunit3testexecutor/" className="NExpect.Matchers.NSubstitute.Tests.TestReceivedExtensions+WhenNotExpectingToReceive" name="ShouldNotAllowCallCountOnNegation" />
    </UnitTest>
    <UnitTest name="WhenReceivedNone_ShouldNotThrow" storage="c:\temp\__sandboxes__\1d49df90-d349-4417-a4ef-e994cefe1355\src\nexpect.matchers.nsubstitute.tests\bin\debug\net7.0\nexpect.matchers.nsubstitute.tests.dll" id="39bcca84-78b5-a5f9-3687-3472d9e837e1">
      <Execution id="9d451ed2-01bc-4ee0-b4c5-dffac1e34cda" />
      <TestMethod codeBase="C:\Temp\__sandboxes__\1d49df90-d349-4417-a4ef-e994cefe1355\src\NExpect.Matchers.NSubstitute.Tests\bin\Debug\net7.0\NExpect.Matchers.NSubstitute.Tests.dll" adapterTypeName="executor://nunit3testexecutor/" className="NExpect.Matchers.NSubstitute.Tests.TestReceivedExtensions+WhenNotExpectingToReceive" name="WhenReceivedNone_ShouldNotThrow" />
    </UnitTest>
    <UnitTest name="WhenHaveReceivedTheCorrectAmount_ShouldNotThrow" storage="c:\temp\__sandboxes__\1d49df90-d349-4417-a4ef-e994cefe1355\src\nexpect.matchers.nsubstitute.tests\bin\debug\net7.0\nexpect.matchers.nsubstitute.tests.dll" id="480ee193-e490-c5c4-5120-0ef5a9622656">
      <Execution id="31d4749a-d829-45a5-a4e4-c34b676ea281" />
      <TestMethod codeBase="C:\Temp\__sandboxes__\1d49df90-d349-4417-a4ef-e994cefe1355\src\NExpect.Matchers.NSubstitute.Tests\bin\Debug\net7.0\NExpect.Matchers.NSubstitute.Tests.dll" adapterTypeName="executor://nunit3testexecutor/" className="NExpect.Matchers.NSubstitute.Tests.TestReceivedExtensions+WhenExpectingToReceive" name="WhenHaveReceivedTheCorrectAmount_ShouldNotThrow" />
    </UnitTest>
    <UnitTest name="ShouldFailWhenSubHasReceivedNoCalls" storage="c:\temp\__sandboxes__\1d49df90-d349-4417-a4ef-e994cefe1355\src\nexpect.matchers.nsubstitute.tests\bin\debug\net7.0\nexpect.matchers.nsubstitute.tests.dll" id="9e048bb1-aec5-c94d-ef8b-c959b38f038c">
      <Execution id="28ca7acf-7158-4e00-a519-15458a6b2c46" />
      <TestMethod codeBase="C:\Temp\__sandboxes__\1d49df90-d349-4417-a4ef-e994cefe1355\src\NExpect.Matchers.NSubstitute.Tests\bin\Debug\net7.0\NExpect.Matchers.NSubstitute.Tests.dll" adapterTypeName="executor://nunit3testexecutor/" className="NExpect.Matchers.NSubstitute.Tests.TestCalledMatchers" name="ShouldFailWhenSubHasReceivedNoCalls" />
    </UnitTest>
    <UnitTest name="ShouldPassWhenSubHasReceivedAnyCall" storage="c:\temp\__sandboxes__\1d49df90-d349-4417-a4ef-e994cefe1355\src\nexpect.matchers.nsubstitute.tests\bin\debug\net7.0\nexpect.matchers.nsubstitute.tests.dll" id="beec1d74-f0f4-499a-bf7d-ff2c7b25ad63">
      <Execution id="1f781237-5d32-4979-97b6-04bbed520b6c" />
      <TestMethod codeBase="C:\Temp\__sandboxes__\1d49df90-d349-4417-a4ef-e994cefe1355\src\NExpect.Matchers.NSubstitute.Tests\bin\Debug\net7.0\NExpect.Matchers.NSubstitute.Tests.dll" adapterTypeName="executor://nunit3testexecutor/" className="NExpect.Matchers.NSubstitute.Tests.TestCalledMatchers" name="ShouldPassWhenSubHasReceivedAnyCall" />
    </UnitTest>
    <UnitTest name="WhenHaveReceivedTooFew_ShouldThrow" storage="c:\temp\__sandboxes__\1d49df90-d349-4417-a4ef-e994cefe1355\src\nexpect.matchers.nsubstitute.tests\bin\debug\net7.0\nexpect.matchers.nsubstitute.tests.dll" id="2d9af83e-a95f-fa28-1af3-3fa85f1d31ba">
      <Execution id="f082a89f-0c1f-4682-919e-c44a5e48aa57" />
      <TestMethod codeBase="C:\Temp\__sandboxes__\1d49df90-d349-4417-a4ef-e994cefe1355\src\NExpect.Matchers.NSubstitute.Tests\bin\Debug\net7.0\NExpect.Matchers.NSubstitute.Tests.dll" adapterTypeName="executor://nunit3testexecutor/" className="NExpect.Matchers.NSubstitute.Tests.TestReceivedExtensions+WhenExpectingToReceive" name="WhenHaveReceivedTooFew_ShouldThrow" />
    </UnitTest>
    <UnitTest name="ShouldGiveUsefulErrorWhenNotWorkingWithASub" storage="c:\temp\__sandboxes__\1d49df90-d349-4417-a4ef-e994cefe1355\src\nexpect.matchers.nsubstitute.tests\bin\debug\net7.0\nexpect.matchers.nsubstitute.tests.dll" id="80dd9cfa-d9fb-4d9c-7949-c260fbbbb504">
      <Execution id="db515865-b291-41dc-8027-a9904fd1995b" />
      <TestMethod codeBase="C:\Temp\__sandboxes__\1d49df90-d349-4417-a4ef-e994cefe1355\src\NExpect.Matchers.NSubstitute.Tests\bin\Debug\net7.0\NExpect.Matchers.NSubstitute.Tests.dll" adapterTypeName="executor://nunit3testexecutor/" className="NExpect.Matchers.NSubstitute.Tests.TestCalledMatchers" name="ShouldGiveUsefulErrorWhenNotWorkingWithASub" />
    </UnitTest>
    <UnitTest name="WhenHaveReceivedAny_ShouldNotThrow" storage="c:\temp\__sandboxes__\1d49df90-d349-4417-a4ef-e994cefe1355\src\nexpect.matchers.nsubstitute.tests\bin\debug\net7.0\nexpect.matchers.nsubstitute.tests.dll" id="bf1ccb2e-fcfe-1d50-f0b1-deb67dbce257">
      <Execution id="64e8e1ae-c3e6-4d7f-b86a-a223902762ee" />
      <TestMethod codeBase="C:\Temp\__sandboxes__\1d49df90-d349-4417-a4ef-e994cefe1355\src\NExpect.Matchers.NSubstitute.Tests\bin\Debug\net7.0\NExpect.Matchers.NSubstitute.Tests.dll" adapterTypeName="executor://nunit3testexecutor/" className="NExpect.Matchers.NSubstitute.Tests.TestReceivedExtensions+WhenExpectingToReceive" name="WhenHaveReceivedAny_ShouldNotThrow" />
    </UnitTest>
    <UnitTest name="WhenHaveReceivedNoneAndExpectingAny_ShouldThrow" storage="c:\temp\__sandboxes__\1d49df90-d349-4417-a4ef-e994cefe1355\src\nexpect.matchers.nsubstitute.tests\bin\debug\net7.0\nexpect.matchers.nsubstitute.tests.dll" id="b6f3cd5c-62be-f090-2789-1b10fef6efc1">
      <Execution id="6307cbc1-d251-490e-acba-065d86c9987e" />
      <TestMethod codeBase="C:\Temp\__sandboxes__\1d49df90-d349-4417-a4ef-e994cefe1355\src\NExpect.Matchers.NSubstitute.Tests\bin\Debug\net7.0\NExpect.Matchers.NSubstitute.Tests.dll" adapterTypeName="executor://nunit3testexecutor/" className="NExpect.Matchers.NSubstitute.Tests.TestReceivedExtensions+WhenExpectingToReceive" name="WhenHaveReceivedNoneAndExpectingAny_ShouldThrow" />
    </UnitTest>
    <UnitTest name="WhenHaveReceivedTooMany_ShouldThrow" storage="c:\temp\__sandboxes__\1d49df90-d349-4417-a4ef-e994cefe1355\src\nexpect.matchers.nsubstitute.tests\bin\debug\net7.0\nexpect.matchers.nsubstitute.tests.dll" id="8aff36db-771d-66e9-572a-76536598e31c">
      <Execution id="645e9bb5-6b7d-496a-8b28-5a3471765d1a" />
      <TestMethod codeBase="C:\Temp\__sandboxes__\1d49df90-d349-4417-a4ef-e994cefe1355\src\NExpect.Matchers.NSubstitute.Tests\bin\Debug\net7.0\NExpect.Matchers.NSubstitute.Tests.dll" adapterTypeName="executor://nunit3testexecutor/" className="NExpect.Matchers.NSubstitute.Tests.TestReceivedExtensions+WhenExpectingToReceive" name="WhenHaveReceivedTooMany_ShouldThrow" />
    </UnitTest>
    <UnitTest name="ShouldPassNegatedWhenSubHasReceivedNoCalls" storage="c:\temp\__sandboxes__\1d49df90-d349-4417-a4ef-e994cefe1355\src\nexpect.matchers.nsubstitute.tests\bin\debug\net7.0\nexpect.matchers.nsubstitute.tests.dll" id="2ab46e3a-5b8c-3197-f5e9-09ed1879aa79">
      <Execution id="7d11e302-478a-42f4-b082-b0af550485bd" />
      <TestMethod codeBase="C:\Temp\__sandboxes__\1d49df90-d349-4417-a4ef-e994cefe1355\src\NExpect.Matchers.NSubstitute.Tests\bin\Debug\net7.0\NExpect.Matchers.NSubstitute.Tests.dll" adapterTypeName="executor://nunit3testexecutor/" className="NExpect.Matchers.NSubstitute.Tests.TestCalledMatchers" name="ShouldPassNegatedWhenSubHasReceivedNoCalls" />
    </UnitTest>
    <UnitTest name="WhenReceivedSome_ShouldThrow" storage="c:\temp\__sandboxes__\1d49df90-d349-4417-a4ef-e994cefe1355\src\nexpect.matchers.nsubstitute.tests\bin\debug\net7.0\nexpect.matchers.nsubstitute.tests.dll" id="226a2a8c-fc02-bab0-468c-225bd73e8efe">
      <Execution id="64e6333b-69a3-49da-9e68-21057b1f9b5f" />
      <TestMethod codeBase="C:\Temp\__sandboxes__\1d49df90-d349-4417-a4ef-e994cefe1355\src\NExpect.Matchers.NSubstitute.Tests\bin\Debug\net7.0\NExpect.Matchers.NSubstitute.Tests.dll" adapterTypeName="executor://nunit3testexecutor/" className="NExpect.Matchers.NSubstitute.Tests.TestReceivedExtensions+WhenNotExpectingToReceive" name="WhenReceivedSome_ShouldThrow" />
    </UnitTest>
  </TestDefinitions>
  <TestEntries>
    <TestEntry testId="80dd9cfa-d9fb-4d9c-7949-c260fbbbb504" executionId="db515865-b291-41dc-8027-a9904fd1995b" testListId="8c84fa94-04c1-424b-9868-57a2d4851a1d" />
    <TestEntry testId="39bcca84-78b5-a5f9-3687-3472d9e837e1" executionId="9d451ed2-01bc-4ee0-b4c5-dffac1e34cda" testListId="8c84fa94-04c1-424b-9868-57a2d4851a1d" />
    <TestEntry testId="bf1ccb2e-fcfe-1d50-f0b1-deb67dbce257" executionId="64e8e1ae-c3e6-4d7f-b86a-a223902762ee" testListId="8c84fa94-04c1-424b-9868-57a2d4851a1d" />
    <TestEntry testId="b6f3cd5c-62be-f090-2789-1b10fef6efc1" executionId="6307cbc1-d251-490e-acba-065d86c9987e" testListId="8c84fa94-04c1-424b-9868-57a2d4851a1d" />
    <TestEntry testId="beec1d74-f0f4-499a-bf7d-ff2c7b25ad63" executionId="1f781237-5d32-4979-97b6-04bbed520b6c" testListId="8c84fa94-04c1-424b-9868-57a2d4851a1d" />
    <TestEntry testId="02318e84-a774-3185-eadc-07007fc372a8" executionId="611e69a3-9bca-4ac9-8902-5674db15105b" testListId="8c84fa94-04c1-424b-9868-57a2d4851a1d" />
    <TestEntry testId="7d7c5c27-a246-52f5-c8f4-2c490c3f169d" executionId="3616d13f-33b1-45a4-9e12-cc384d3f1807" testListId="8c84fa94-04c1-424b-9868-57a2d4851a1d" />
    <TestEntry testId="07bffc59-74db-9f67-6b1f-79245c16b010" executionId="cc67bf5e-432a-4dc8-ab09-4ab04ff265fa" testListId="8c84fa94-04c1-424b-9868-57a2d4851a1d" />
    <TestEntry testId="9e048bb1-aec5-c94d-ef8b-c959b38f038c" executionId="28ca7acf-7158-4e00-a519-15458a6b2c46" testListId="8c84fa94-04c1-424b-9868-57a2d4851a1d" />
    <TestEntry testId="226a2a8c-fc02-bab0-468c-225bd73e8efe" executionId="64e6333b-69a3-49da-9e68-21057b1f9b5f" testListId="8c84fa94-04c1-424b-9868-57a2d4851a1d" />
    <TestEntry testId="8aff36db-771d-66e9-572a-76536598e31c" executionId="645e9bb5-6b7d-496a-8b28-5a3471765d1a" testListId="8c84fa94-04c1-424b-9868-57a2d4851a1d" />
    <TestEntry testId="2d9af83e-a95f-fa28-1af3-3fa85f1d31ba" executionId="f082a89f-0c1f-4682-919e-c44a5e48aa57" testListId="8c84fa94-04c1-424b-9868-57a2d4851a1d" />
    <TestEntry testId="480ee193-e490-c5c4-5120-0ef5a9622656" executionId="31d4749a-d829-45a5-a4e4-c34b676ea281" testListId="8c84fa94-04c1-424b-9868-57a2d4851a1d" />
    <TestEntry testId="2ab46e3a-5b8c-3197-f5e9-09ed1879aa79" executionId="7d11e302-478a-42f4-b082-b0af550485bd" testListId="8c84fa94-04c1-424b-9868-57a2d4851a1d" />
  </TestEntries>
  <TestLists>
    <TestList name="Results Not in a List" id="8c84fa94-04c1-424b-9868-57a2d4851a1d" />
    <TestList name="All Loaded Results" id="19431567-8539-422a-85d7-44ee4e166bda" />
  </TestLists>
  <ResultSummary outcome="Completed">
    <Counters total="14" executed="14" passed="14" failed="0" error="0" timeout="0" aborted="0" inconclusive="0" passedButRunAborted="0" notRunnable="0" notExecuted="0" disconnected="0" warning="0" completed="0" inProgress="0" pending="0" />
    <Output>
      <StdOut>NUnit Adapter 4.5.0.0: Test execution started&#xD;
Running all tests in C:\Temp\__sandboxes__\1d49df90-d349-4417-a4ef-e994cefe1355\src\NExpect.Matchers.NSubstitute.Tests\bin\Debug\net7.0\NExpect.Matchers.NSubstitute.Tests.dll&#xD;
   NUnit3TestExecutor discovered 14 of 14 NUnit test cases using Current Discovery mode, Non-Explicit run&#xD;
NUnit Adapter 4.5.0.0: Test execution complete&#xD;
</StdOut>
    </Output>
  </ResultSummary>
</TestRun>